Assembler report for TOP_D5M_IP
Tue Jan 15 15:02:53 2019
Quartus II 64-Bit Version 14.0.0 Build 200 06/17/2014 SJ Full Version


---------------------
; Table of Contents ;
---------------------
  1. Legal Notice
  2. Assembler Summary
  3. Assembler Settings
  4. Assembler Encrypted IP Cores Summary
  5. Assembler Generated Files
  6. Assembler Device Options: TOP_D5M_IP.sof
  7. Assembler Messages



----------------
; Legal Notice ;
----------------
Copyright (C) 1991-2014 Altera Corporation. All rights reserved.
Your use of Altera Corporation's design tools, logic functions 
and other software and tools, and its AMPP partner logic 
functions, and any output files from any of the foregoing 
(including device programming or simulation files), and any 
associated documentation or information are expressly subject 
to the terms and conditions of the Altera Program License 
Subscription Agreement, the Altera Quartus II License Agreement,
the Altera MegaCore Function License Agreement, or other 
applicable license agreement, including, without limitation, 
that your use is for the sole purpose of programming logic 
devices manufactured by Altera and sold by Altera or its 
authorized distributors.  Please refer to the applicable 
agreement for further details.



+---------------------------------------------------------------+
; Assembler Summary                                             ;
+-----------------------+---------------------------------------+
; Assembler Status      ; Successful - Tue Jan 15 15:02:53 2019 ;
; Revision Name         ; TOP_D5M_IP                            ;
; Top-level Entity Name ; TOP_D5M_IP                            ;
; Family                ; Cyclone V                             ;
; Device                ; 5CSEMA5F31C6                          ;
+-----------------------+---------------------------------------+


+----------------------------------+
; Assembler Settings               ;
+--------+---------+---------------+
; Option ; Setting ; Default Value ;
+--------+---------+---------------+


+------------------------------------------------+
; Assembler Encrypted IP Cores Summary           ;
+--------+------------------------+--------------+
; Vendor ; IP Core Name           ; License Type ;
+--------+------------------------+--------------+
; Altera ; Signal Tap (6AF7 BCE1) ; Licensed     ;
; Altera ; Signal Tap (6AF7 BCEC) ; Licensed     ;
+--------+------------------------+--------------+


+---------------------------+
; Assembler Generated Files ;
+---------------------------+
; File Name                 ;
+---------------------------+
; TOP_D5M_IP.sof            ;
+---------------------------+


+------------------------------------------+
; Assembler Device Options: TOP_D5M_IP.sof ;
+----------------+-------------------------+
; Option         ; Setting                 ;
+----------------+-------------------------+
; Device         ; 5CSEMA5F31C6            ;
; JTAG usercode  ; 0x08AE0F63              ;
; Checksum       ; 0x08AE0F63              ;
+----------------+-------------------------+


+--------------------+
; Assembler Messages ;
+--------------------+
Info: *******************************************************************
Info: Running Quartus II 64-Bit Assembler
    Info: Version 14.0.0 Build 200 06/17/2014 SJ Full Version
    Info: Processing started: Tue Jan 15 15:02:28 2019
Info: Command: quartus_asm --read_settings_files=off --write_settings_files=off TOP_D5M_IP -c TOP_D5M_IP
Info (115030): Assembler is generating device programming files
Info: Quartus II 64-Bit Assembler was successful. 0 errors, 0 warnings
    Info: Peak virtual memory: 890 megabytes
    Info: Processing ended: Tue Jan 15 15:02:54 2019
    Info: Elapsed time: 00:00:26
    Info: Total CPU time (on all processors): 00:00:22


