Partition Merge report for TOP_D5M_IP
Wed Mar 22 10:47:30 2017
Quartus II 64-Bit Version 14.0.0 Build 200 06/17/2014 SJ Full Version


---------------------
; Table of Contents ;
---------------------
  1. Legal Notice
  2. Partition Merge Summary
  3. Partition Merge Netlist Types Used
  4. Partition Merge Rapid Recompile Summary
  5. Connections to In-System Debugging Instance "auto_signaltap_0"
  6. Partition Merge Partition Pin Processing
  7. Partition Merge Resource Usage Summary
  8. Partition Merge RAM Summary
  9. Partition Merge Messages



----------------
; Legal Notice ;
----------------
Copyright (C) 1991-2014 Altera Corporation. All rights reserved.
Your use of Altera Corporation's design tools, logic functions 
and other software and tools, and its AMPP partner logic 
functions, and any output files from any of the foregoing 
(including device programming or simulation files), and any 
associated documentation or information are expressly subject 
to the terms and conditions of the Altera Program License 
Subscription Agreement, the Altera Quartus II License Agreement,
the Altera MegaCore Function License Agreement, or other 
applicable license agreement, including, without limitation, 
that your use is for the sole purpose of programming logic 
devices manufactured by Altera and sold by Altera or its 
authorized distributors.  Please refer to the applicable 
agreement for further details.



+-------------------------------------------------------------------------------+
; Partition Merge Summary                                                       ;
+---------------------------------+---------------------------------------------+
; Partition Merge Status          ; Successful - Wed Mar 22 10:47:30 2017       ;
; Quartus II 64-Bit Version       ; 14.0.0 Build 200 06/17/2014 SJ Full Version ;
; Revision Name                   ; TOP_D5M_IP                                  ;
; Top-level Entity Name           ; TOP_D5M_IP                                  ;
; Family                          ; Cyclone V                                   ;
; Logic utilization (in ALMs)     ; 867 / 32,070 ( 3 % )                        ;
; Total registers                 ; 1045                                        ;
; Total pins                      ; 78 / 457 ( 17 % )                           ;
; Total virtual pins              ; 0                                           ;
; Total block memory bits         ; 3,176,400 / 4,065,280 ( 78 % )              ;
; Total DSP Blocks                ; 0 / 87 ( 0 % )                              ;
; Total HSSI RX PCSs              ; 0                                           ;
; Total HSSI PMA RX Deserializers ; 0                                           ;
; Total HSSI TX PCSs              ; 0                                           ;
; Total HSSI PMA TX Serializers   ; 0                                           ;
; Total PLLs                      ; 1 / 6 ( 17 % )                              ;
; Total DLLs                      ; 0 / 4 ( 0 % )                               ;
+---------------------------------+---------------------------------------------+


+--------------------------------------------------------------------------------------------------------------------------------------+
; Partition Merge Netlist Types Used                                                                                                   ;
+--------------------------------+----------------+--------------------------+------------------------+--------------------------------+
; Partition Name                 ; Partition Type ; Netlist Type Used        ; Netlist Type Requested ; Partition Contents             ;
+--------------------------------+----------------+--------------------------+------------------------+--------------------------------+
; Top                            ; User-created   ; Hybrid (Rapid Recompile) ; Source File            ;                                ;
; sld_hub:auto_hub               ; Auto-generated ; Hybrid (Rapid Recompile) ; Post-Synthesis         ; sld_hub:auto_hub               ;
; sld_signaltap:auto_signaltap_0 ; Auto-generated ; Hybrid (Rapid Recompile) ; Post-Synthesis         ; sld_signaltap:auto_signaltap_0 ;
; hard_block:auto_generated_inst ; Auto-generated ; Hybrid (Rapid Recompile) ; Source File            ; hard_block:auto_generated_inst ;
+--------------------------------+----------------+--------------------------+------------------------+--------------------------------+


+----------------------------------------------------------------------------------------------------------------------------------+
; Partition Merge Rapid Recompile Summary                                                                                          ;
+--------------------------------+------------------------+--------------------------------+-------------------------------+-------+
; Partition Name                 ; Rapid Recompile Status ; Netlist Preservation Requested ; Netlist Preservation Achieved ; Notes ;
+--------------------------------+------------------------+--------------------------------+-------------------------------+-------+
; Top                            ; Engaged                ; 100.00% (1561 / 1561)          ; 100.00% (1561 / 1561)         ;       ;
; sld_hub:auto_hub               ; Engaged                ; 91.04% (244 / 268)             ; 85.82% (230 / 268)            ;       ;
; sld_signaltap:auto_signaltap_0 ; Engaged                ; 70.62% (988 / 1399)            ; 60.76% (850 / 1399)           ;       ;
; hard_block:auto_generated_inst ; Engaged                ; 100.00% (42 / 42)              ; 100.00% (42 / 42)             ;       ;
+--------------------------------+------------------------+--------------------------------+-------------------------------+-------+


+--------------------------------------------------------------------------------------------------------------------------------------------------------------------------------------------------------------------------+
; Connections to In-System Debugging Instance "auto_signaltap_0"                                                                                                                                                           ;
+----------------------------+---------------+-----------+--------------------------------+-------------------+--------------------------------------------------------------------------------------------------+---------+
; Name                       ; Type          ; Status    ; Partition Name                 ; Netlist Type Used ; Actual Connection                                                                                ; Details ;
+----------------------------+---------------+-----------+--------------------------------+-------------------+--------------------------------------------------------------------------------------------------+---------+
; CLOCK_50                   ; pre-synthesis ; connected ; Top                            ; post-synthesis    ; CLOCK_50~input                                                                                   ; N/A     ;
; VGA_B[7]                   ; pre-synthesis ; connected ; Top                            ; post-synthesis    ; image_process:b2v_inst3|b_out[7]                                                                 ; N/A     ;
; VGA_B[7]                   ; pre-synthesis ; connected ; Top                            ; post-synthesis    ; image_process:b2v_inst3|b_out[7]                                                                 ; N/A     ;
; VGA_CLK                    ; pre-synthesis ; connected ; Top                            ; post-synthesis    ; altpll0:b2v_inst9|altpll:altpll_component|altpll0_altpll:auto_generated|wire_generic_pll1_outclk ; N/A     ;
; VGA_CLK                    ; pre-synthesis ; connected ; Top                            ; post-synthesis    ; altpll0:b2v_inst9|altpll:altpll_component|altpll0_altpll:auto_generated|wire_generic_pll1_outclk ; N/A     ;
; VGA_G[7]                   ; pre-synthesis ; connected ; Top                            ; post-synthesis    ; image_process:b2v_inst3|g_out[7]                                                                 ; N/A     ;
; VGA_G[7]                   ; pre-synthesis ; connected ; Top                            ; post-synthesis    ; image_process:b2v_inst3|g_out[7]                                                                 ; N/A     ;
; VGA_HS                     ; pre-synthesis ; connected ; Top                            ; post-synthesis    ; gensync:b2v_inst2|HSYNC                                                                          ; N/A     ;
; VGA_HS                     ; pre-synthesis ; connected ; Top                            ; post-synthesis    ; gensync:b2v_inst2|HSYNC                                                                          ; N/A     ;
; VGA_R[7]                   ; pre-synthesis ; connected ; Top                            ; post-synthesis    ; image_process:b2v_inst3|r_out[7]                                                                 ; N/A     ;
; VGA_R[7]                   ; pre-synthesis ; connected ; Top                            ; post-synthesis    ; image_process:b2v_inst3|r_out[7]                                                                 ; N/A     ;
; VGA_VS                     ; pre-synthesis ; connected ; Top                            ; post-synthesis    ; gensync:b2v_inst2|VSYNC                                                                          ; N/A     ;
; VGA_VS                     ; pre-synthesis ; connected ; Top                            ; post-synthesis    ; gensync:b2v_inst2|VSYNC                                                                          ; N/A     ;
; VGA_VS                     ; pre-synthesis ; connected ; Top                            ; post-synthesis    ; gensync:b2v_inst2|VSYNC                                                                          ; N/A     ;
; gensync:b2v_inst2|IMG      ; pre-synthesis ; connected ; Top                            ; post-synthesis    ; gensync:b2v_inst2|IMG~0                                                                          ; N/A     ;
; gensync:b2v_inst2|IMG      ; pre-synthesis ; connected ; Top                            ; post-synthesis    ; gensync:b2v_inst2|IMG~0                                                                          ; N/A     ;
; gensync:b2v_inst2|IMGY_out ; pre-synthesis ; connected ; Top                            ; post-synthesis    ; gensync:b2v_inst2|IMGY_out~3                                                                     ; N/A     ;
; gensync:b2v_inst2|IMGY_out ; pre-synthesis ; connected ; Top                            ; post-synthesis    ; gensync:b2v_inst2|IMGY_out~3                                                                     ; N/A     ;
; auto_signaltap_0|gnd       ; post-fitting  ; connected ; sld_signaltap:auto_signaltap_0 ; post-synthesis    ; sld_signaltap:auto_signaltap_0|~GND                                                              ; N/A     ;
; auto_signaltap_0|gnd       ; post-fitting  ; connected ; sld_signaltap:auto_signaltap_0 ; post-synthesis    ; sld_signaltap:auto_signaltap_0|~GND                                                              ; N/A     ;
; auto_signaltap_0|gnd       ; post-fitting  ; connected ; sld_signaltap:auto_signaltap_0 ; post-synthesis    ; sld_signaltap:auto_signaltap_0|~GND                                                              ; N/A     ;
; auto_signaltap_0|gnd       ; post-fitting  ; connected ; sld_signaltap:auto_signaltap_0 ; post-synthesis    ; sld_signaltap:auto_signaltap_0|~GND                                                              ; N/A     ;
; auto_signaltap_0|gnd       ; post-fitting  ; connected ; sld_signaltap:auto_signaltap_0 ; post-synthesis    ; sld_signaltap:auto_signaltap_0|~GND                                                              ; N/A     ;
; auto_signaltap_0|gnd       ; post-fitting  ; connected ; sld_signaltap:auto_signaltap_0 ; post-synthesis    ; sld_signaltap:auto_signaltap_0|~GND                                                              ; N/A     ;
; auto_signaltap_0|gnd       ; post-fitting  ; connected ; sld_signaltap:auto_signaltap_0 ; post-synthesis    ; sld_signaltap:auto_signaltap_0|~GND                                                              ; N/A     ;
; auto_signaltap_0|gnd       ; post-fitting  ; connected ; sld_signaltap:auto_signaltap_0 ; post-synthesis    ; sld_signaltap:auto_signaltap_0|~GND                                                              ; N/A     ;
; auto_signaltap_0|gnd       ; post-fitting  ; connected ; sld_signaltap:auto_signaltap_0 ; post-synthesis    ; sld_signaltap:auto_signaltap_0|~GND                                                              ; N/A     ;
; auto_signaltap_0|gnd       ; post-fitting  ; connected ; sld_signaltap:auto_signaltap_0 ; post-synthesis    ; sld_signaltap:auto_signaltap_0|~GND                                                              ; N/A     ;
; auto_signaltap_0|gnd       ; post-fitting  ; connected ; sld_signaltap:auto_signaltap_0 ; post-synthesis    ; sld_signaltap:auto_signaltap_0|~GND                                                              ; N/A     ;
; auto_signaltap_0|gnd       ; post-fitting  ; connected ; sld_signaltap:auto_signaltap_0 ; post-synthesis    ; sld_signaltap:auto_signaltap_0|~GND                                                              ; N/A     ;
; auto_signaltap_0|gnd       ; post-fitting  ; connected ; sld_signaltap:auto_signaltap_0 ; post-synthesis    ; sld_signaltap:auto_signaltap_0|~GND                                                              ; N/A     ;
; auto_signaltap_0|gnd       ; post-fitting  ; connected ; sld_signaltap:auto_signaltap_0 ; post-synthesis    ; sld_signaltap:auto_signaltap_0|~GND                                                              ; N/A     ;
; auto_signaltap_0|gnd       ; post-fitting  ; connected ; sld_signaltap:auto_signaltap_0 ; post-synthesis    ; sld_signaltap:auto_signaltap_0|~GND                                                              ; N/A     ;
; auto_signaltap_0|gnd       ; post-fitting  ; connected ; sld_signaltap:auto_signaltap_0 ; post-synthesis    ; sld_signaltap:auto_signaltap_0|~GND                                                              ; N/A     ;
; auto_signaltap_0|gnd       ; post-fitting  ; connected ; sld_signaltap:auto_signaltap_0 ; post-synthesis    ; sld_signaltap:auto_signaltap_0|~GND                                                              ; N/A     ;
; auto_signaltap_0|gnd       ; post-fitting  ; connected ; sld_signaltap:auto_signaltap_0 ; post-synthesis    ; sld_signaltap:auto_signaltap_0|~GND                                                              ; N/A     ;
; auto_signaltap_0|gnd       ; post-fitting  ; connected ; sld_signaltap:auto_signaltap_0 ; post-synthesis    ; sld_signaltap:auto_signaltap_0|~GND                                                              ; N/A     ;
; auto_signaltap_0|gnd       ; post-fitting  ; connected ; sld_signaltap:auto_signaltap_0 ; post-synthesis    ; sld_signaltap:auto_signaltap_0|~GND                                                              ; N/A     ;
; auto_signaltap_0|vcc       ; post-fitting  ; connected ; sld_signaltap:auto_signaltap_0 ; post-synthesis    ; sld_signaltap:auto_signaltap_0|~VCC                                                              ; N/A     ;
; auto_signaltap_0|vcc       ; post-fitting  ; connected ; sld_signaltap:auto_signaltap_0 ; post-synthesis    ; sld_signaltap:auto_signaltap_0|~VCC                                                              ; N/A     ;
; auto_signaltap_0|vcc       ; post-fitting  ; connected ; sld_signaltap:auto_signaltap_0 ; post-synthesis    ; sld_signaltap:auto_signaltap_0|~VCC                                                              ; N/A     ;
; auto_signaltap_0|vcc       ; post-fitting  ; connected ; sld_signaltap:auto_signaltap_0 ; post-synthesis    ; sld_signaltap:auto_signaltap_0|~VCC                                                              ; N/A     ;
; auto_signaltap_0|vcc       ; post-fitting  ; connected ; sld_signaltap:auto_signaltap_0 ; post-synthesis    ; sld_signaltap:auto_signaltap_0|~VCC                                                              ; N/A     ;
; auto_signaltap_0|vcc       ; post-fitting  ; connected ; sld_signaltap:auto_signaltap_0 ; post-synthesis    ; sld_signaltap:auto_signaltap_0|~VCC                                                              ; N/A     ;
; auto_signaltap_0|vcc       ; post-fitting  ; connected ; sld_signaltap:auto_signaltap_0 ; post-synthesis    ; sld_signaltap:auto_signaltap_0|~VCC                                                              ; N/A     ;
; auto_signaltap_0|vcc       ; post-fitting  ; connected ; sld_signaltap:auto_signaltap_0 ; post-synthesis    ; sld_signaltap:auto_signaltap_0|~VCC                                                              ; N/A     ;
; auto_signaltap_0|vcc       ; post-fitting  ; connected ; sld_signaltap:auto_signaltap_0 ; post-synthesis    ; sld_signaltap:auto_signaltap_0|~VCC                                                              ; N/A     ;
; auto_signaltap_0|vcc       ; post-fitting  ; connected ; sld_signaltap:auto_signaltap_0 ; post-synthesis    ; sld_signaltap:auto_signaltap_0|~VCC                                                              ; N/A     ;
; auto_signaltap_0|vcc       ; post-fitting  ; connected ; sld_signaltap:auto_signaltap_0 ; post-synthesis    ; sld_signaltap:auto_signaltap_0|~VCC                                                              ; N/A     ;
; auto_signaltap_0|vcc       ; post-fitting  ; connected ; sld_signaltap:auto_signaltap_0 ; post-synthesis    ; sld_signaltap:auto_signaltap_0|~VCC                                                              ; N/A     ;
+----------------------------+---------------+-----------+--------------------------------+-------------------+--------------------------------------------------------------------------------------------------+---------+


+----------------------------------------------------------------------------------------------------------------------------------+
; Partition Merge Partition Pin Processing                                                                                         ;
+-----------------------------------+-----------+---------------+--------------------+---------------------------------------------+
; Name                              ; Partition ; Type          ; Location           ; Status                                      ;
+-----------------------------------+-----------+---------------+--------------------+---------------------------------------------+
; CCD_DATA[0]                       ; Top       ; Input Port    ; n/a                ;                                             ;
;     -- CCD_DATA[0]                ; Top       ; Input Pad     ; IOPAD_X80_Y0_N34   ; Preserved from Post-Fit or Imported Netlist ;
;     -- CCD_DATA[0]~input          ; Top       ; Input Buffer  ; IOIBUF_X80_Y0_N35  ; Preserved from Post-Fit or Imported Netlist ;
;                                   ;           ;               ;                    ;                                             ;
; CCD_DATA[10]                      ; Top       ; Input Port    ; n/a                ;                                             ;
;     -- CCD_DATA[10]               ; Top       ; Input Pad     ; IOPAD_X86_Y0_N17   ; Preserved from Post-Fit or Imported Netlist ;
;     -- CCD_DATA[10]~input         ; Top       ; Input Buffer  ; IOIBUF_X86_Y0_N18  ; Preserved from Post-Fit or Imported Netlist ;
;                                   ;           ;               ;                    ;                                             ;
; CCD_DATA[11]                      ; Top       ; Input Port    ; n/a                ;                                             ;
;     -- CCD_DATA[11]               ; Top       ; Input Pad     ; IOPAD_X88_Y0_N1    ; Preserved from Post-Fit or Imported Netlist ;
;     -- CCD_DATA[11]~input         ; Top       ; Input Buffer  ; IOIBUF_X88_Y0_N2   ; Preserved from Post-Fit or Imported Netlist ;
;                                   ;           ;               ;                    ;                                             ;
; CCD_DATA[1]                       ; Top       ; Input Port    ; n/a                ;                                             ;
;     -- CCD_DATA[1]                ; Top       ; Input Pad     ; IOPAD_X84_Y0_N51   ; Preserved from Post-Fit or Imported Netlist ;
;     -- CCD_DATA[1]~input          ; Top       ; Input Buffer  ; IOIBUF_X84_Y0_N52  ; Preserved from Post-Fit or Imported Netlist ;
;                                   ;           ;               ;                    ;                                             ;
; CCD_DATA[2]                       ; Top       ; Input Port    ; n/a                ;                                             ;
;     -- CCD_DATA[2]                ; Top       ; Input Pad     ; IOPAD_X64_Y0_N51   ; Preserved from Post-Fit or Imported Netlist ;
;     -- CCD_DATA[2]~input          ; Top       ; Input Buffer  ; IOIBUF_X64_Y0_N52  ; Preserved from Post-Fit or Imported Netlist ;
;                                   ;           ;               ;                    ;                                             ;
; CCD_DATA[3]                       ; Top       ; Input Port    ; n/a                ;                                             ;
;     -- CCD_DATA[3]                ; Top       ; Input Pad     ; IOPAD_X84_Y0_N34   ; Preserved from Post-Fit or Imported Netlist ;
;     -- CCD_DATA[3]~input          ; Top       ; Input Buffer  ; IOIBUF_X84_Y0_N35  ; Preserved from Post-Fit or Imported Netlist ;
;                                   ;           ;               ;                    ;                                             ;
; CCD_DATA[4]                       ; Top       ; Input Port    ; n/a                ;                                             ;
;     -- CCD_DATA[4]                ; Top       ; Input Pad     ; IOPAD_X78_Y0_N34   ; Preserved from Post-Fit or Imported Netlist ;
;     -- CCD_DATA[4]~input          ; Top       ; Input Buffer  ; IOIBUF_X78_Y0_N35  ; Preserved from Post-Fit or Imported Netlist ;
;                                   ;           ;               ;                    ;                                             ;
; CCD_DATA[5]                       ; Top       ; Input Port    ; n/a                ;                                             ;
;     -- CCD_DATA[5]                ; Top       ; Input Pad     ; IOPAD_X86_Y0_N51   ; Preserved from Post-Fit or Imported Netlist ;
;     -- CCD_DATA[5]~input          ; Top       ; Input Buffer  ; IOIBUF_X86_Y0_N52  ; Preserved from Post-Fit or Imported Netlist ;
;                                   ;           ;               ;                    ;                                             ;
; CCD_DATA[6]                       ; Top       ; Input Port    ; n/a                ;                                             ;
;     -- CCD_DATA[6]                ; Top       ; Input Pad     ; IOPAD_X86_Y0_N34   ; Preserved from Post-Fit or Imported Netlist ;
;     -- CCD_DATA[6]~input          ; Top       ; Input Buffer  ; IOIBUF_X86_Y0_N35  ; Preserved from Post-Fit or Imported Netlist ;
;                                   ;           ;               ;                    ;                                             ;
; CCD_DATA[7]                       ; Top       ; Input Port    ; n/a                ;                                             ;
;     -- CCD_DATA[7]                ; Top       ; Input Pad     ; IOPAD_X88_Y0_N52   ; Preserved from Post-Fit or Imported Netlist ;
;     -- CCD_DATA[7]~input          ; Top       ; Input Buffer  ; IOIBUF_X88_Y0_N53  ; Preserved from Post-Fit or Imported Netlist ;
;                                   ;           ;               ;                    ;                                             ;
; CCD_DATA[8]                       ; Top       ; Input Port    ; n/a                ;                                             ;
;     -- CCD_DATA[8]                ; Top       ; Input Pad     ; IOPAD_X78_Y0_N17   ; Preserved from Post-Fit or Imported Netlist ;
;     -- CCD_DATA[8]~input          ; Top       ; Input Buffer  ; IOIBUF_X78_Y0_N18  ; Preserved from Post-Fit or Imported Netlist ;
;                                   ;           ;               ;                    ;                                             ;
; CCD_DATA[9]                       ; Top       ; Input Port    ; n/a                ;                                             ;
;     -- CCD_DATA[9]                ; Top       ; Input Pad     ; IOPAD_X88_Y0_N35   ; Preserved from Post-Fit or Imported Netlist ;
;     -- CCD_DATA[9]~input          ; Top       ; Input Buffer  ; IOIBUF_X88_Y0_N36  ; Preserved from Post-Fit or Imported Netlist ;
;                                   ;           ;               ;                    ;                                             ;
; CCD_FVAL                          ; Top       ; Input Port    ; n/a                ;                                             ;
;     -- CCD_FVAL                   ; Top       ; Input Pad     ; IOPAD_X72_Y0_N51   ; Preserved from Post-Fit or Imported Netlist ;
;     -- CCD_FVAL~input             ; Top       ; Input Buffer  ; IOIBUF_X72_Y0_N52  ; Preserved from Post-Fit or Imported Netlist ;
;                                   ;           ;               ;                    ;                                             ;
; CCD_LVAL                          ; Top       ; Input Port    ; n/a                ;                                             ;
;     -- CCD_LVAL                   ; Top       ; Input Pad     ; IOPAD_X74_Y0_N74   ; Preserved from Post-Fit or Imported Netlist ;
;     -- CCD_LVAL~input             ; Top       ; Input Buffer  ; IOIBUF_X74_Y0_N75  ; Preserved from Post-Fit or Imported Netlist ;
;                                   ;           ;               ;                    ;                                             ;
; CCD_MCCLK                         ; Top       ; Output Port   ; n/a                ;                                             ;
;     -- CCD_MCCLK                  ; Top       ; Output Pad    ; IOPAD_X80_Y0_N51   ; Preserved from Post-Fit or Imported Netlist ;
;     -- CCD_MCCLK~output           ; Top       ; Output Buffer ; IOOBUF_X80_Y0_N53  ; Preserved from Post-Fit or Imported Netlist ;
;                                   ;           ;               ;                    ;                                             ;
; CCD_PIXCLK                        ; Top       ; Input Port    ; n/a                ;                                             ;
;     -- CCD_PIXCLK                 ; Top       ; Input Pad     ; IOPAD_X56_Y0_N17   ; Preserved from Post-Fit or Imported Netlist ;
;     -- CCD_PIXCLK~input           ; Top       ; Input Buffer  ; IOIBUF_X56_Y0_N18  ; Preserved from Post-Fit or Imported Netlist ;
;                                   ;           ;               ;                    ;                                             ;
; CLOCK_50                          ; Top       ; Input Port    ; n/a                ;                                             ;
;     -- CLOCK_50                   ; Top       ; Input Pad     ; Unplaced           ; Preserved from Synthesis Netlist (WYSIWYG)  ;
;     -- CLOCK_50~input             ; Top       ; Input Buffer  ; Unplaced           ; Preserved from Synthesis Netlist (WYSIWYG)  ;
;                                   ;           ;               ;                    ;                                             ;
; Ext_Clock                         ; Top       ; Input Port    ; n/a                ;                                             ;
;     -- Ext_Clock                  ; Top       ; Input Pad     ; IOPAD_X58_Y0_N74   ; Preserved from Post-Fit or Imported Netlist ;
;     -- Ext_Clock~input            ; Top       ; Input Buffer  ; IOIBUF_X58_Y0_N75  ; Preserved from Post-Fit or Imported Netlist ;
;                                   ;           ;               ;                    ;                                             ;
; I2C_SCLK                          ; Top       ; Bidir Port    ; n/a                ;                                             ;
;     -- I2C_SCLK                   ; Top       ; Bidir Pad     ; IOPAD_X72_Y0_N34   ; Preserved from Post-Fit or Imported Netlist ;
;     -- I2C_SCLK~output            ; Top       ; Output Buffer ; IOOBUF_X72_Y0_N36  ; Preserved from Post-Fit or Imported Netlist ;
;                                   ;           ;               ;                    ;                                             ;
; I2C_SDAT                          ; Top       ; Bidir Port    ; n/a                ;                                             ;
;     -- I2C_SDAT                   ; Top       ; Bidir Pad     ; IOPAD_X64_Y0_N34   ; Preserved from Post-Fit or Imported Netlist ;
;     -- I2C_SDAT~output            ; Top       ; Output Buffer ; IOOBUF_X64_Y0_N36  ; Preserved from Post-Fit or Imported Netlist ;
;                                   ;           ;               ;                    ;                                             ;
; KEY[0]                            ; Top       ; Input Port    ; n/a                ;                                             ;
;     -- KEY[0]                     ; Top       ; Input Pad     ; IOPAD_X36_Y0_N0    ; Preserved from Post-Fit or Imported Netlist ;
;     -- KEY[0]~input               ; Top       ; Input Buffer  ; IOIBUF_X36_Y0_N1   ; Preserved from Post-Fit or Imported Netlist ;
;                                   ;           ;               ;                    ;                                             ;
; KEY[1]                            ; Top       ; Input Port    ; n/a                ;                                             ;
;     -- KEY[1]                     ; Top       ; Input Pad     ; IOPAD_X36_Y0_N17   ; Preserved from Post-Fit or Imported Netlist ;
;     -- KEY[1]~input               ; Top       ; Input Buffer  ; IOIBUF_X36_Y0_N18  ; Preserved from Post-Fit or Imported Netlist ;
;                                   ;           ;               ;                    ;                                             ;
; KEY[2]                            ; Top       ; Input Port    ; n/a                ;                                             ;
;     -- KEY[2]                     ; Top       ; Input Pad     ; IOPAD_X40_Y0_N0    ; Preserved from Post-Fit or Imported Netlist ;
;     -- KEY[2]~input               ; Top       ; Input Buffer  ; IOIBUF_X40_Y0_N1   ; Preserved from Post-Fit or Imported Netlist ;
;                                   ;           ;               ;                    ;                                             ;
; KEY[3]                            ; Top       ; Input Port    ; n/a                ;                                             ;
;     -- KEY[3]                     ; Top       ; Input Pad     ; IOPAD_X40_Y0_N17   ; Preserved from Post-Fit or Imported Netlist ;
;     -- KEY[3]~input               ; Top       ; Input Buffer  ; IOIBUF_X40_Y0_N18  ; Preserved from Post-Fit or Imported Netlist ;
;                                   ;           ;               ;                    ;                                             ;
; LEDG[0]                           ; Top       ; Output Port   ; n/a                ;                                             ;
;     -- LEDG[0]                    ; Top       ; Output Pad    ; IOPAD_X52_Y0_N0    ; Preserved from Post-Fit or Imported Netlist ;
;     -- LEDG[0]~output             ; Top       ; Output Buffer ; IOOBUF_X52_Y0_N2   ; Preserved from Post-Fit or Imported Netlist ;
;                                   ;           ;               ;                    ;                                             ;
; LEDG[1]                           ; Top       ; Output Port   ; n/a                ;                                             ;
;     -- LEDG[1]                    ; Top       ; Output Pad    ; IOPAD_X52_Y0_N17   ; Preserved from Post-Fit or Imported Netlist ;
;     -- LEDG[1]~output             ; Top       ; Output Buffer ; IOOBUF_X52_Y0_N19  ; Preserved from Post-Fit or Imported Netlist ;
;                                   ;           ;               ;                    ;                                             ;
; LEDG[2]                           ; Top       ; Output Port   ; n/a                ;                                             ;
;     -- LEDG[2]                    ; Top       ; Output Pad    ; IOPAD_X60_Y0_N0    ; Preserved from Post-Fit or Imported Netlist ;
;     -- LEDG[2]~output             ; Top       ; Output Buffer ; IOOBUF_X60_Y0_N2   ; Preserved from Post-Fit or Imported Netlist ;
;                                   ;           ;               ;                    ;                                             ;
; LEDG[3]                           ; Top       ; Output Port   ; n/a                ;                                             ;
;     -- LEDG[3]                    ; Top       ; Output Pad    ; IOPAD_X80_Y0_N0    ; Preserved from Post-Fit or Imported Netlist ;
;     -- LEDG[3]~output             ; Top       ; Output Buffer ; IOOBUF_X80_Y0_N2   ; Preserved from Post-Fit or Imported Netlist ;
;                                   ;           ;               ;                    ;                                             ;
; LEDG[4]                           ; Top       ; Output Port   ; n/a                ;                                             ;
;     -- LEDG[4]                    ; Top       ; Output Pad    ; IOPAD_X60_Y0_N17   ; Preserved from Post-Fit or Imported Netlist ;
;     -- LEDG[4]~output             ; Top       ; Output Buffer ; IOOBUF_X60_Y0_N19  ; Preserved from Post-Fit or Imported Netlist ;
;                                   ;           ;               ;                    ;                                             ;
; LEDG[5]                           ; Top       ; Output Port   ; n/a                ;                                             ;
;     -- LEDG[5]                    ; Top       ; Output Pad    ; IOPAD_X80_Y0_N17   ; Preserved from Post-Fit or Imported Netlist ;
;     -- LEDG[5]~output             ; Top       ; Output Buffer ; IOOBUF_X80_Y0_N19  ; Preserved from Post-Fit or Imported Netlist ;
;                                   ;           ;               ;                    ;                                             ;
; LEDG[6]                           ; Top       ; Output Port   ; n/a                ;                                             ;
;     -- LEDG[6]                    ; Top       ; Output Pad    ; IOPAD_X84_Y0_N0    ; Preserved from Post-Fit or Imported Netlist ;
;     -- LEDG[6]~output             ; Top       ; Output Buffer ; IOOBUF_X84_Y0_N2   ; Preserved from Post-Fit or Imported Netlist ;
;                                   ;           ;               ;                    ;                                             ;
; LEDG[7]                           ; Top       ; Output Port   ; n/a                ;                                             ;
;     -- LEDG[7]                    ; Top       ; Output Pad    ; IOPAD_X89_Y6_N3    ; Preserved from Post-Fit or Imported Netlist ;
;     -- LEDG[7]~output             ; Top       ; Output Buffer ; IOOBUF_X89_Y6_N5   ; Preserved from Post-Fit or Imported Netlist ;
;                                   ;           ;               ;                    ;                                             ;
; RESETn                            ; Top       ; Output Port   ; n/a                ;                                             ;
;     -- RESETn                     ; Top       ; Output Pad    ; IOPAD_X76_Y0_N34   ; Preserved from Post-Fit or Imported Netlist ;
;     -- RESETn~output              ; Top       ; Output Buffer ; IOOBUF_X76_Y0_N36  ; Preserved from Post-Fit or Imported Netlist ;
;                                   ;           ;               ;                    ;                                             ;
; SW[0]                             ; Top       ; Input Port    ; n/a                ;                                             ;
;     -- SW[0]                      ; Top       ; Input Pad     ; IOPAD_X12_Y0_N17   ; Preserved from Post-Fit or Imported Netlist ;
;     -- SW[0]~input                ; Top       ; Input Buffer  ; IOIBUF_X12_Y0_N18  ; Preserved from Post-Fit or Imported Netlist ;
;                                   ;           ;               ;                    ;                                             ;
; SW[1]                             ; Top       ; Input Port    ; n/a                ;                                             ;
;     -- SW[1]                      ; Top       ; Input Pad     ; IOPAD_X16_Y0_N0    ; Preserved from Post-Fit or Imported Netlist ;
;     -- SW[1]~input                ; Top       ; Input Buffer  ; IOIBUF_X16_Y0_N1   ; Preserved from Post-Fit or Imported Netlist ;
;                                   ;           ;               ;                    ;                                             ;
; SW[2]                             ; Top       ; Input Port    ; n/a                ;                                             ;
;     -- SW[2]                      ; Top       ; Input Pad     ; IOPAD_X8_Y0_N34    ; Preserved from Post-Fit or Imported Netlist ;
;     -- SW[2]~input                ; Top       ; Input Buffer  ; IOIBUF_X8_Y0_N35   ; Preserved from Post-Fit or Imported Netlist ;
;                                   ;           ;               ;                    ;                                             ;
; SW[3]                             ; Top       ; Input Port    ; n/a                ;                                             ;
;     -- SW[3]                      ; Top       ; Input Pad     ; IOPAD_X4_Y0_N51    ; Preserved from Post-Fit or Imported Netlist ;
;     -- SW[3]~input                ; Top       ; Input Buffer  ; IOIBUF_X4_Y0_N52   ; Preserved from Post-Fit or Imported Netlist ;
;                                   ;           ;               ;                    ;                                             ;
; SW[4]                             ; Top       ; Input Port    ; n/a                ;                                             ;
;     -- SW[4]                      ; Top       ; Input Pad     ; IOPAD_X2_Y0_N40    ; Preserved from Post-Fit or Imported Netlist ;
;     -- SW[4]~input                ; Top       ; Input Buffer  ; IOIBUF_X2_Y0_N41   ; Preserved from Post-Fit or Imported Netlist ;
;                                   ;           ;               ;                    ;                                             ;
; SW[5]                             ; Top       ; Input Port    ; n/a                ;                                             ;
;     -- SW[5]                      ; Top       ; Input Pad     ; IOPAD_X16_Y0_N17   ; Preserved from Post-Fit or Imported Netlist ;
;     -- SW[5]~input                ; Top       ; Input Buffer  ; IOIBUF_X16_Y0_N18  ; Preserved from Post-Fit or Imported Netlist ;
;                                   ;           ;               ;                    ;                                             ;
; SW[6]                             ; Top       ; Input Port    ; n/a                ;                                             ;
;     -- SW[6]                      ; Top       ; Input Pad     ; IOPAD_X4_Y0_N34    ; Preserved from Post-Fit or Imported Netlist ;
;     -- SW[6]~input                ; Top       ; Input Buffer  ; IOIBUF_X4_Y0_N35   ; Preserved from Post-Fit or Imported Netlist ;
;                                   ;           ;               ;                    ;                                             ;
; SW[7]                             ; Top       ; Input Port    ; n/a                ;                                             ;
;     -- SW[7]                      ; Top       ; Input Pad     ; IOPAD_X4_Y0_N0     ; Preserved from Post-Fit or Imported Netlist ;
;     -- SW[7]~input                ; Top       ; Input Buffer  ; IOIBUF_X4_Y0_N1    ; Preserved from Post-Fit or Imported Netlist ;
;                                   ;           ;               ;                    ;                                             ;
; SW[8]                             ; Top       ; Input Port    ; n/a                ;                                             ;
;     -- SW[8]                      ; Top       ; Input Pad     ; IOPAD_X4_Y0_N17    ; Preserved from Post-Fit or Imported Netlist ;
;     -- SW[8]~input                ; Top       ; Input Buffer  ; IOIBUF_X4_Y0_N18   ; Preserved from Post-Fit or Imported Netlist ;
;                                   ;           ;               ;                    ;                                             ;
; SW[9]                             ; Top       ; Input Port    ; n/a                ;                                             ;
;     -- SW[9]                      ; Top       ; Input Pad     ; IOPAD_X2_Y0_N57    ; Preserved from Post-Fit or Imported Netlist ;
;     -- SW[9]~input                ; Top       ; Input Buffer  ; IOIBUF_X2_Y0_N58   ; Preserved from Post-Fit or Imported Netlist ;
;                                   ;           ;               ;                    ;                                             ;
; TRIGGER                           ; Top       ; Output Port   ; n/a                ;                                             ;
;     -- TRIGGER                    ; Top       ; Output Pad    ; IOPAD_X78_Y0_N51   ; Preserved from Post-Fit or Imported Netlist ;
;     -- TRIGGER~output             ; Top       ; Output Buffer ; IOOBUF_X78_Y0_N53  ; Preserved from Post-Fit or Imported Netlist ;
;                                   ;           ;               ;                    ;                                             ;
; VGA_BLANK_N                       ; Top       ; Output Port   ; n/a                ;                                             ;
;     -- VGA_BLANK_N                ; Top       ; Output Pad    ; IOPAD_X6_Y81_N17   ; Preserved from Post-Fit or Imported Netlist ;
;     -- VGA_BLANK_N~output         ; Top       ; Output Buffer ; IOOBUF_X6_Y81_N19  ; Preserved from Post-Fit or Imported Netlist ;
;                                   ;           ;               ;                    ;                                             ;
; VGA_B[0]                          ; Top       ; Output Port   ; n/a                ;                                             ;
;     -- VGA_B[0]                   ; Top       ; Output Pad    ; IOPAD_X40_Y81_N34  ; Preserved from Post-Fit or Imported Netlist ;
;     -- VGA_B[0]~output            ; Top       ; Output Buffer ; IOOBUF_X40_Y81_N36 ; Preserved from Post-Fit or Imported Netlist ;
;                                   ;           ;               ;                    ;                                             ;
; VGA_B[1]                          ; Top       ; Output Port   ; n/a                ;                                             ;
;     -- VGA_B[1]                   ; Top       ; Output Pad    ; IOPAD_X28_Y81_N17  ; Preserved from Post-Fit or Imported Netlist ;
;     -- VGA_B[1]~output            ; Top       ; Output Buffer ; IOOBUF_X28_Y81_N19 ; Preserved from Post-Fit or Imported Netlist ;
;                                   ;           ;               ;                    ;                                             ;
; VGA_B[2]                          ; Top       ; Output Port   ; n/a                ;                                             ;
;     -- VGA_B[2]                   ; Top       ; Output Pad    ; IOPAD_X20_Y81_N0   ; Preserved from Post-Fit or Imported Netlist ;
;     -- VGA_B[2]~output            ; Top       ; Output Buffer ; IOOBUF_X20_Y81_N2  ; Preserved from Post-Fit or Imported Netlist ;
;                                   ;           ;               ;                    ;                                             ;
; VGA_B[3]                          ; Top       ; Output Port   ; n/a                ;                                             ;
;     -- VGA_B[3]                   ; Top       ; Output Pad    ; IOPAD_X36_Y81_N17  ; Preserved from Post-Fit or Imported Netlist ;
;     -- VGA_B[3]~output            ; Top       ; Output Buffer ; IOOBUF_X36_Y81_N19 ; Preserved from Post-Fit or Imported Netlist ;
;                                   ;           ;               ;                    ;                                             ;
; VGA_B[4]                          ; Top       ; Output Port   ; n/a                ;                                             ;
;     -- VGA_B[4]                   ; Top       ; Output Pad    ; IOPAD_X28_Y81_N0   ; Preserved from Post-Fit or Imported Netlist ;
;     -- VGA_B[4]~output            ; Top       ; Output Buffer ; IOOBUF_X28_Y81_N2  ; Preserved from Post-Fit or Imported Netlist ;
;                                   ;           ;               ;                    ;                                             ;
; VGA_B[5]                          ; Top       ; Output Port   ; n/a                ;                                             ;
;     -- VGA_B[5]                   ; Top       ; Output Pad    ; IOPAD_X36_Y81_N0   ; Preserved from Post-Fit or Imported Netlist ;
;     -- VGA_B[5]~output            ; Top       ; Output Buffer ; IOOBUF_X36_Y81_N2  ; Preserved from Post-Fit or Imported Netlist ;
;                                   ;           ;               ;                    ;                                             ;
; VGA_B[6]                          ; Top       ; Output Port   ; n/a                ;                                             ;
;     -- VGA_B[6]                   ; Top       ; Output Pad    ; IOPAD_X40_Y81_N17  ; Preserved from Post-Fit or Imported Netlist ;
;     -- VGA_B[6]~output            ; Top       ; Output Buffer ; IOOBUF_X40_Y81_N19 ; Preserved from Post-Fit or Imported Netlist ;
;                                   ;           ;               ;                    ;                                             ;
; VGA_B[7]                          ; Top       ; Output Port   ; n/a                ;                                             ;
;     -- VGA_B[7]                   ; Top       ; Output Pad    ; IOPAD_X32_Y81_N17  ; Preserved from Post-Fit or Imported Netlist ;
;     -- VGA_B[7]~output            ; Top       ; Output Buffer ; IOOBUF_X32_Y81_N19 ; Preserved from Post-Fit or Imported Netlist ;
;                                   ;           ;               ;                    ;                                             ;
; VGA_CLK                           ; Top       ; Output Port   ; n/a                ;                                             ;
;     -- VGA_CLK                    ; Top       ; Output Pad    ; Unplaced           ; Preserved from Synthesis Netlist (WYSIWYG)  ;
;     -- VGA_CLK~output             ; Top       ; Output Buffer ; Unplaced           ; Preserved from Synthesis Netlist (WYSIWYG)  ;
;                                   ;           ;               ;                    ;                                             ;
; VGA_G[0]                          ; Top       ; Output Port   ; n/a                ;                                             ;
;     -- VGA_G[0]                   ; Top       ; Output Pad    ; IOPAD_X4_Y81_N17   ; Preserved from Post-Fit or Imported Netlist ;
;     -- VGA_G[0]~output            ; Top       ; Output Buffer ; IOOBUF_X4_Y81_N19  ; Preserved from Post-Fit or Imported Netlist ;
;                                   ;           ;               ;                    ;                                             ;
; VGA_G[1]                          ; Top       ; Output Port   ; n/a                ;                                             ;
;     -- VGA_G[1]                   ; Top       ; Output Pad    ; IOPAD_X4_Y81_N0    ; Preserved from Post-Fit or Imported Netlist ;
;     -- VGA_G[1]~output            ; Top       ; Output Buffer ; IOOBUF_X4_Y81_N2   ; Preserved from Post-Fit or Imported Netlist ;
;                                   ;           ;               ;                    ;                                             ;
; VGA_G[2]                          ; Top       ; Output Port   ; n/a                ;                                             ;
;     -- VGA_G[2]                   ; Top       ; Output Pad    ; IOPAD_X20_Y81_N17  ; Preserved from Post-Fit or Imported Netlist ;
;     -- VGA_G[2]~output            ; Top       ; Output Buffer ; IOOBUF_X20_Y81_N19 ; Preserved from Post-Fit or Imported Netlist ;
;                                   ;           ;               ;                    ;                                             ;
; VGA_G[3]                          ; Top       ; Output Port   ; n/a                ;                                             ;
;     -- VGA_G[3]                   ; Top       ; Output Pad    ; IOPAD_X6_Y81_N0    ; Preserved from Post-Fit or Imported Netlist ;
;     -- VGA_G[3]~output            ; Top       ; Output Buffer ; IOOBUF_X6_Y81_N2   ; Preserved from Post-Fit or Imported Netlist ;
;                                   ;           ;               ;                    ;                                             ;
; VGA_G[4]                          ; Top       ; Output Port   ; n/a                ;                                             ;
;     -- VGA_G[4]                   ; Top       ; Output Pad    ; IOPAD_X10_Y81_N57  ; Preserved from Post-Fit or Imported Netlist ;
;     -- VGA_G[4]~output            ; Top       ; Output Buffer ; IOOBUF_X10_Y81_N59 ; Preserved from Post-Fit or Imported Netlist ;
;                                   ;           ;               ;                    ;                                             ;
; VGA_G[5]                          ; Top       ; Output Port   ; n/a                ;                                             ;
;     -- VGA_G[5]                   ; Top       ; Output Pad    ; IOPAD_X10_Y81_N40  ; Preserved from Post-Fit or Imported Netlist ;
;     -- VGA_G[5]~output            ; Top       ; Output Buffer ; IOOBUF_X10_Y81_N42 ; Preserved from Post-Fit or Imported Netlist ;
;                                   ;           ;               ;                    ;                                             ;
; VGA_G[6]                          ; Top       ; Output Port   ; n/a                ;                                             ;
;     -- VGA_G[6]                   ; Top       ; Output Pad    ; IOPAD_X18_Y81_N40  ; Preserved from Post-Fit or Imported Netlist ;
;     -- VGA_G[6]~output            ; Top       ; Output Buffer ; IOOBUF_X18_Y81_N42 ; Preserved from Post-Fit or Imported Netlist ;
;                                   ;           ;               ;                    ;                                             ;
; VGA_G[7]                          ; Top       ; Output Port   ; n/a                ;                                             ;
;     -- VGA_G[7]                   ; Top       ; Output Pad    ; IOPAD_X18_Y81_N57  ; Preserved from Post-Fit or Imported Netlist ;
;     -- VGA_G[7]~output            ; Top       ; Output Buffer ; IOOBUF_X18_Y81_N59 ; Preserved from Post-Fit or Imported Netlist ;
;                                   ;           ;               ;                    ;                                             ;
; VGA_HS                            ; Top       ; Output Port   ; n/a                ;                                             ;
;     -- VGA_HS                     ; Top       ; Output Pad    ; IOPAD_X36_Y81_N51  ; Preserved from Post-Fit or Imported Netlist ;
;     -- VGA_HS~output              ; Top       ; Output Buffer ; IOOBUF_X36_Y81_N53 ; Preserved from Post-Fit or Imported Netlist ;
;                                   ;           ;               ;                    ;                                             ;
; VGA_HS_OBS                        ; Top       ; Output Port   ; n/a                ;                                             ;
;     -- VGA_HS_OBS                 ; Top       ; Output Pad    ; IOPAD_X64_Y0_N0    ; Preserved from Post-Fit or Imported Netlist ;
;     -- VGA_HS_OBS~output          ; Top       ; Output Buffer ; IOOBUF_X64_Y0_N2   ; Preserved from Post-Fit or Imported Netlist ;
;                                   ;           ;               ;                    ;                                             ;
; VGA_R[0]                          ; Top       ; Output Port   ; n/a                ;                                             ;
;     -- VGA_R[0]                   ; Top       ; Output Pad    ; IOPAD_X40_Y81_N51  ; Preserved from Post-Fit or Imported Netlist ;
;     -- VGA_R[0]~output            ; Top       ; Output Buffer ; IOOBUF_X40_Y81_N53 ; Preserved from Post-Fit or Imported Netlist ;
;                                   ;           ;               ;                    ;                                             ;
; VGA_R[1]                          ; Top       ; Output Port   ; n/a                ;                                             ;
;     -- VGA_R[1]                   ; Top       ; Output Pad    ; IOPAD_X38_Y81_N0   ; Preserved from Post-Fit or Imported Netlist ;
;     -- VGA_R[1]~output            ; Top       ; Output Buffer ; IOOBUF_X38_Y81_N2  ; Preserved from Post-Fit or Imported Netlist ;
;                                   ;           ;               ;                    ;                                             ;
; VGA_R[2]                          ; Top       ; Output Port   ; n/a                ;                                             ;
;     -- VGA_R[2]                   ; Top       ; Output Pad    ; IOPAD_X26_Y81_N57  ; Preserved from Post-Fit or Imported Netlist ;
;     -- VGA_R[2]~output            ; Top       ; Output Buffer ; IOOBUF_X26_Y81_N59 ; Preserved from Post-Fit or Imported Netlist ;
;                                   ;           ;               ;                    ;                                             ;
; VGA_R[3]                          ; Top       ; Output Port   ; n/a                ;                                             ;
;     -- VGA_R[3]                   ; Top       ; Output Pad    ; IOPAD_X38_Y81_N17  ; Preserved from Post-Fit or Imported Netlist ;
;     -- VGA_R[3]~output            ; Top       ; Output Buffer ; IOOBUF_X38_Y81_N19 ; Preserved from Post-Fit or Imported Netlist ;
;                                   ;           ;               ;                    ;                                             ;
; VGA_R[4]                          ; Top       ; Output Port   ; n/a                ;                                             ;
;     -- VGA_R[4]                   ; Top       ; Output Pad    ; IOPAD_X36_Y81_N34  ; Preserved from Post-Fit or Imported Netlist ;
;     -- VGA_R[4]~output            ; Top       ; Output Buffer ; IOOBUF_X36_Y81_N36 ; Preserved from Post-Fit or Imported Netlist ;
;                                   ;           ;               ;                    ;                                             ;
; VGA_R[5]                          ; Top       ; Output Port   ; n/a                ;                                             ;
;     -- VGA_R[5]                   ; Top       ; Output Pad    ; IOPAD_X22_Y81_N17  ; Preserved from Post-Fit or Imported Netlist ;
;     -- VGA_R[5]~output            ; Top       ; Output Buffer ; IOOBUF_X22_Y81_N19 ; Preserved from Post-Fit or Imported Netlist ;
;                                   ;           ;               ;                    ;                                             ;
; VGA_R[6]                          ; Top       ; Output Port   ; n/a                ;                                             ;
;     -- VGA_R[6]                   ; Top       ; Output Pad    ; IOPAD_X22_Y81_N0   ; Preserved from Post-Fit or Imported Netlist ;
;     -- VGA_R[6]~output            ; Top       ; Output Buffer ; IOOBUF_X22_Y81_N2  ; Preserved from Post-Fit or Imported Netlist ;
;                                   ;           ;               ;                    ;                                             ;
; VGA_R[7]                          ; Top       ; Output Port   ; n/a                ;                                             ;
;     -- VGA_R[7]                   ; Top       ; Output Pad    ; IOPAD_X26_Y81_N40  ; Preserved from Post-Fit or Imported Netlist ;
;     -- VGA_R[7]~output            ; Top       ; Output Buffer ; IOOBUF_X26_Y81_N42 ; Preserved from Post-Fit or Imported Netlist ;
;                                   ;           ;               ;                    ;                                             ;
; VGA_SYNC_N                        ; Top       ; Output Port   ; n/a                ;                                             ;
;     -- VGA_SYNC_N                 ; Top       ; Output Pad    ; Unplaced           ; Preserved from Synthesis Netlist (WYSIWYG)  ;
;     -- VGA_SYNC_N~output          ; Top       ; Output Buffer ; Unplaced           ; Preserved from Synthesis Netlist (WYSIWYG)  ;
;                                   ;           ;               ;                    ;                                             ;
; VGA_VS                            ; Top       ; Output Port   ; n/a                ;                                             ;
;     -- VGA_VS                     ; Top       ; Output Pad    ; IOPAD_X34_Y81_N40  ; Preserved from Post-Fit or Imported Netlist ;
;     -- VGA_VS~output              ; Top       ; Output Buffer ; IOOBUF_X34_Y81_N42 ; Preserved from Post-Fit or Imported Netlist ;
;                                   ;           ;               ;                    ;                                             ;
; VGA_VS_OBS                        ; Top       ; Output Port   ; n/a                ;                                             ;
;     -- VGA_VS_OBS                 ; Top       ; Output Pad    ; IOPAD_X68_Y0_N0    ; Preserved from Post-Fit or Imported Netlist ;
;     -- VGA_VS_OBS~output          ; Top       ; Output Buffer ; IOOBUF_X68_Y0_N2   ; Preserved from Post-Fit or Imported Netlist ;
;                                   ;           ;               ;                    ;                                             ;
; altera_reserved_tck               ; Top       ; Input Port    ; n/a                ;                                             ;
;     -- altera_reserved_tck        ; Top       ; Input Pad     ; Unplaced           ; Synthesized                                 ;
;     -- altera_reserved_tck~input  ; Top       ; Input Buffer  ; Unplaced           ; Synthesized                                 ;
;                                   ;           ;               ;                    ;                                             ;
; altera_reserved_tdi               ; Top       ; Input Port    ; n/a                ;                                             ;
;     -- altera_reserved_tdi        ; Top       ; Input Pad     ; Unplaced           ; Synthesized                                 ;
;     -- altera_reserved_tdi~input  ; Top       ; Input Buffer  ; Unplaced           ; Synthesized                                 ;
;                                   ;           ;               ;                    ;                                             ;
; altera_reserved_tdo               ; Top       ; Output Port   ; n/a                ;                                             ;
;     -- altera_reserved_tdo        ; Top       ; Output Pad    ; Unplaced           ; Synthesized                                 ;
;     -- altera_reserved_tdo~output ; Top       ; Output Buffer ; Unplaced           ; Synthesized                                 ;
;                                   ;           ;               ;                    ;                                             ;
; altera_reserved_tms               ; Top       ; Input Port    ; n/a                ;                                             ;
;     -- altera_reserved_tms        ; Top       ; Input Pad     ; Unplaced           ; Synthesized                                 ;
;     -- altera_reserved_tms~input  ; Top       ; Input Buffer  ; Unplaced           ; Synthesized                                 ;
;                                   ;           ;               ;                    ;                                             ;
; pre_syn.bp.b2v_inst2_IMG          ; Top       ; Output Port   ; n/a                ;                                             ;
;                                   ;           ;               ;                    ;                                             ;
; pre_syn.bp.b2v_inst2_IMGY_out     ; Top       ; Output Port   ; n/a                ;                                             ;
;                                   ;           ;               ;                    ;                                             ;
; servo1                            ; Top       ; Output Port   ; n/a                ;                                             ;
;     -- servo1                     ; Top       ; Output Pad    ; IOPAD_X54_Y0_N51   ; Preserved from Post-Fit or Imported Netlist ;
;     -- servo1~output              ; Top       ; Output Buffer ; IOOBUF_X54_Y0_N53  ; Preserved from Post-Fit or Imported Netlist ;
;                                   ;           ;               ;                    ;                                             ;
; servo2                            ; Top       ; Output Port   ; n/a                ;                                             ;
;     -- servo2                     ; Top       ; Output Pad    ; IOPAD_X58_Y0_N57   ; Preserved from Post-Fit or Imported Netlist ;
;     -- servo2~output              ; Top       ; Output Buffer ; IOOBUF_X58_Y0_N59  ; Preserved from Post-Fit or Imported Netlist ;
;                                   ;           ;               ;                    ;                                             ;
; tempo_flag                        ; Top       ; Output Port   ; n/a                ;                                             ;
;     -- tempo_flag                 ; Top       ; Output Pad    ; IOPAD_X54_Y0_N0    ; Preserved from Post-Fit or Imported Netlist ;
;     -- tempo_flag~output          ; Top       ; Output Buffer ; IOOBUF_X54_Y0_N2   ; Preserved from Post-Fit or Imported Netlist ;
;                                   ;           ;               ;                    ;                                             ;
; ~QUARTUS_CREATED_GND~1            ; Top       ; Output Port   ; n/a                ;                                             ;
;                                   ;           ;               ;                    ;                                             ;
+-----------------------------------+-----------+---------------+--------------------+---------------------------------------------+


+------------------------------------------------------------------------+
; Partition Merge Resource Usage Summary                                 ;
+---------------------------------------------+--------------------------+
; Resource                                    ; Usage                    ;
+---------------------------------------------+--------------------------+
; Estimate of Logic utilization (ALMs needed) ; 993                      ;
;                                             ;                          ;
; Combinational ALUT usage for logic          ; 1087                     ;
;     -- 7 input functions                    ; 16                       ;
;     -- 6 input functions                    ; 335                      ;
;     -- 5 input functions                    ; 183                      ;
;     -- 4 input functions                    ; 99                       ;
;     -- <=3 input functions                  ; 454                      ;
;                                             ;                          ;
; Dedicated logic registers                   ; 1045                     ;
;                                             ;                          ;
; I/O pins                                    ; 78                       ;
; Total MLAB memory bits                      ; 0                        ;
; Total block memory bits                     ; 3176400                  ;
; Total DSP Blocks                            ; 0                        ;
; Total PLLs                                  ; 1                        ;
;     -- Fractional PLLs                      ; 1                        ;
;                                             ;                          ;
; Maximum fan-out node                        ; altera_internal_jtag~TDO ;
; Maximum fan-out                             ; 538                      ;
; Total fan-out                               ; 20573                    ;
; Average fan-out                             ; 6.92                     ;
+---------------------------------------------+--------------------------+


+--------------------------------------------------------------------------------------------------------------------------------------------------------------------------------------------------------------------------------------------------------------------------------------------------------------+
; Partition Merge RAM Summary                                                                                                                                                                                                                                                                                  ;
+-------------------------------------------------------------------------------------------------------------------------------------------------------------------------------------------------------+------+------------------+--------------+--------------+--------------+--------------+---------+------+
; Name                                                                                                                                                                                                  ; Type ; Mode             ; Port A Depth ; Port A Width ; Port B Depth ; Port B Width ; Size    ; MIF  ;
+-------------------------------------------------------------------------------------------------------------------------------------------------------------------------------------------------------+------+------------------+--------------+--------------+--------------+--------------+---------+------+
; D5M_IP:b2v_inst|RAW2RGB:u4|Line_Buffer:u0|altshift_taps:altshift_taps_component|shift_taps_kvt:auto_generated|altsyncram_e1f1:altsyncram2|ALTSYNCRAM                                                  ; AUTO ; Simple Dual Port ; 1278         ; 24           ; 1278         ; 24           ; 30672   ; None ;
; dpram_512x512:b2v_inst1|altsyncram:altsyncram_component|altsyncram_c2q1:auto_generated|ALTSYNCRAM                                                                                                     ; AUTO ; Simple Dual Port ; 262144       ; 8            ; 262144       ; 8            ; 2097152 ; None ;
; sld_signaltap:auto_signaltap_0|sld_signaltap_impl:sld_signaltap_body|sld_signaltap_implb:sld_signaltap_body|altsyncram:\stp_non_zero_ram_gen:stp_buffer_ram|altsyncram_m784:auto_generated|ALTSYNCRAM ; AUTO ; Simple Dual Port ; 131072       ; 8            ; 131072       ; 8            ; 1048576 ; None ;
+-------------------------------------------------------------------------------------------------------------------------------------------------------------------------------------------------------+------+------------------+--------------+--------------+--------------+--------------+---------+------+


+--------------------------+
; Partition Merge Messages ;
+--------------------------+
Info: *******************************************************************
Info: Running Quartus II 64-Bit Partition Merge
    Info: Version 14.0.0 Build 200 06/17/2014 SJ Full Version
    Info: Processing started: Wed Mar 22 10:47:23 2017
Info: Command: quartus_cdb --read_settings_files=on --write_settings_files=off TOP_D5M_IP -c TOP_D5M_IP --merge=on --recompile=on
Info (12849): Using Hybrid (Rapid Recompile) netlist for partition "Top"
Info (12849): Using Hybrid (Rapid Recompile) netlist for partition "sld_hub:auto_hub"
Info (12849): Using Hybrid (Rapid Recompile) netlist for partition "sld_signaltap:auto_signaltap_0"
Info (35024): Succesfully connected in-system debug instance "auto_signaltap_0" to all 50 required data inputs, trigger inputs, acquisition clocks, and dynamic pins
Info (35002): Resolved and merged 3 partition(s)
Info (16010): Generating hard_block partition "hard_block:auto_generated_inst"
    Info (16011): Adding 16 node(s), including 0 DDIO, 1 PLL, 0 transceiver and 0 LCELL
Warning (21074): Design contains 1 input pin(s) that do not drive logic
    Warning (15610): No output dependent on input pin "SW[8]"
Info (21057): Implemented 2205 device resources after synthesis - the final resource count might be different
    Info (21058): Implemented 34 input pins
    Info (21059): Implemented 46 output pins
    Info (21060): Implemented 2 bidirectional pins
    Info (21061): Implemented 1725 logic cells
    Info (21064): Implemented 389 RAM segments
Warning (20013): Ignored assignments for entity "altsyncram_0584" -- entity does not exist in design
    Warning (20014): Assignment for entity set_global_assignment -name OPTIMIZE_POWER_DURING_SYNTHESIS NORMAL_COMPILATION -entity altsyncram_0584 -tag quartusii was ignored
Warning (20013): Ignored assignments for entity "altsyncram_2584" -- entity does not exist in design
    Warning (20014): Assignment for entity set_global_assignment -name OPTIMIZE_POWER_DURING_SYNTHESIS NORMAL_COMPILATION -entity altsyncram_2584 -tag quartusii was ignored
Info: Quartus II 64-Bit Partition Merge was successful. 0 errors, 6 warnings
    Info: Peak virtual memory: 1249 megabytes
    Info: Processing ended: Wed Mar 22 10:47:31 2017
    Info: Elapsed time: 00:00:08
    Info: Total CPU time (on all processors): 00:00:06


