TimeQuest Timing Analyzer report for Moteur
Tue Jan 15 16:40:21 2019
Quartus II 64-Bit Version 14.0.0 Build 200 06/17/2014 SJ Full Version


---------------------
; Table of Contents ;
---------------------
  1. Legal Notice
  2. TimeQuest Timing Analyzer Summary
  3. Parallel Compilation
  4. Clocks
  5. Slow 1100mV 85C Model Fmax Summary
  6. Timing Closure Recommendations
  7. Slow 1100mV 85C Model Setup Summary
  8. Slow 1100mV 85C Model Hold Summary
  9. Slow 1100mV 85C Model Recovery Summary
 10. Slow 1100mV 85C Model Removal Summary
 11. Slow 1100mV 85C Model Minimum Pulse Width Summary
 12. Setup Times
 13. Hold Times
 14. Clock to Output Times
 15. Minimum Clock to Output Times
 16. Slow 1100mV 85C Model Metastability Report
 17. Slow 1100mV 0C Model Fmax Summary
 18. Slow 1100mV 0C Model Setup Summary
 19. Slow 1100mV 0C Model Hold Summary
 20. Slow 1100mV 0C Model Recovery Summary
 21. Slow 1100mV 0C Model Removal Summary
 22. Slow 1100mV 0C Model Minimum Pulse Width Summary
 23. Setup Times
 24. Hold Times
 25. Clock to Output Times
 26. Minimum Clock to Output Times
 27. Slow 1100mV 0C Model Metastability Report
 28. Fast 1100mV 85C Model Setup Summary
 29. Fast 1100mV 85C Model Hold Summary
 30. Fast 1100mV 85C Model Recovery Summary
 31. Fast 1100mV 85C Model Removal Summary
 32. Fast 1100mV 85C Model Minimum Pulse Width Summary
 33. Setup Times
 34. Hold Times
 35. Clock to Output Times
 36. Minimum Clock to Output Times
 37. Fast 1100mV 85C Model Metastability Report
 38. Fast 1100mV 0C Model Setup Summary
 39. Fast 1100mV 0C Model Hold Summary
 40. Fast 1100mV 0C Model Recovery Summary
 41. Fast 1100mV 0C Model Removal Summary
 42. Fast 1100mV 0C Model Minimum Pulse Width Summary
 43. Setup Times
 44. Hold Times
 45. Clock to Output Times
 46. Minimum Clock to Output Times
 47. Fast 1100mV 0C Model Metastability Report
 48. Multicorner Timing Analysis Summary
 49. Setup Times
 50. Hold Times
 51. Clock to Output Times
 52. Minimum Clock to Output Times
 53. Board Trace Model Assignments
 54. Input Transition Times
 55. Signal Integrity Metrics (Slow 1100mv 0c Model)
 56. Signal Integrity Metrics (Slow 1100mv 85c Model)
 57. Signal Integrity Metrics (Fast 1100mv 0c Model)
 58. Signal Integrity Metrics (Fast 1100mv 85c Model)
 59. Setup Transfers
 60. Hold Transfers
 61. Report TCCS
 62. Report RSKM
 63. Unconstrained Paths
 64. TimeQuest Timing Analyzer Messages



----------------
; Legal Notice ;
----------------
Copyright (C) 1991-2014 Altera Corporation. All rights reserved.
Your use of Altera Corporation's design tools, logic functions 
and other software and tools, and its AMPP partner logic 
functions, and any output files from any of the foregoing 
(including device programming or simulation files), and any 
associated documentation or information are expressly subject 
to the terms and conditions of the Altera Program License 
Subscription Agreement, the Altera Quartus II License Agreement,
the Altera MegaCore Function License Agreement, or other 
applicable license agreement, including, without limitation, 
that your use is for the sole purpose of programming logic 
devices manufactured by Altera and sold by Altera or its 
authorized distributors.  Please refer to the applicable 
agreement for further details.



+--------------------------------------------------------------------------+
; TimeQuest Timing Analyzer Summary                                        ;
+--------------------+-----------------------------------------------------+
; Quartus II Version ; Version 14.0.0 Build 200 06/17/2014 SJ Full Version ;
; Revision Name      ; Moteur                                              ;
; Device Family      ; Cyclone V                                           ;
; Device Name        ; 5CSEMA5F31C6                                        ;
; Timing Models      ; Final                                               ;
; Delay Model        ; Combined                                            ;
; Rise/Fall Delays   ; Enabled                                             ;
+--------------------+-----------------------------------------------------+


+------------------------------------------+
; Parallel Compilation                     ;
+----------------------------+-------------+
; Processors                 ; Number      ;
+----------------------------+-------------+
; Number detected on machine ; 2           ;
; Maximum allowed            ; 2           ;
;                            ;             ;
; Average used               ; 1.00        ;
; Maximum used               ; 2           ;
;                            ;             ;
; Usage by Processor         ; % Time Used ;
;     Processor 1            ; 100.0%      ;
;     Processor 2            ; < 0.1%      ;
+----------------------------+-------------+


+-------------------------------------------------------------------------------------------------------------------------------------------------------------------------------------+
; Clocks                                                                                                                                                                              ;
+------------+------+--------+------------+-------+-------+------------+-----------+-------------+-------+--------+-----------+------------+----------+--------+--------+-------------+
; Clock Name ; Type ; Period ; Frequency  ; Rise  ; Fall  ; Duty Cycle ; Divide by ; Multiply by ; Phase ; Offset ; Edge List ; Edge Shift ; Inverted ; Master ; Source ; Targets     ;
+------------+------+--------+------------+-------+-------+------------+-----------+-------------+-------+--------+-----------+------------+----------+--------+--------+-------------+
; clk        ; Base ; 1.000  ; 1000.0 MHz ; 0.000 ; 0.500 ;            ;           ;             ;       ;        ;           ;            ;          ;        ;        ; { clk }     ;
; modetop    ; Base ; 1.000  ; 1000.0 MHz ; 0.000 ; 0.500 ;            ;           ;             ;       ;        ;           ;            ;          ;        ;        ; { modetop } ;
+------------+------+--------+------------+-------+-------+------------+-----------+-------------+-------+--------+-----------+------------+----------+--------+--------+-------------+


+--------------------------------------------------+
; Slow 1100mV 85C Model Fmax Summary               ;
+------------+-----------------+------------+------+
; Fmax       ; Restricted Fmax ; Clock Name ; Note ;
+------------+-----------------+------------+------+
; 246.85 MHz ; 246.85 MHz      ; clk        ;      ;
+------------+-----------------+------------+------+
This panel reports FMAX for every clock in the design, regardless of the user-specified clock periods.  FMAX is only computed for paths where the source and destination registers or ports are driven by the same clock.  Paths of different clocks, including generated clocks, are ignored.  For paths between a clock and its inversion, FMAX is computed as if the rising and falling edges are scaled along with FMAX, such that the duty cycle (in terms of a percentage) is maintained. Altera recommends that you always use clock constraints and other slack reports for sign-off analysis.


----------------------------------
; Timing Closure Recommendations ;
----------------------------------
HTML report is unavailable in plain text report export.


+-------------------------------------+
; Slow 1100mV 85C Model Setup Summary ;
+---------+--------+------------------+
; Clock   ; Slack  ; End Point TNS    ;
+---------+--------+------------------+
; clk     ; -3.051 ; -140.363         ;
; modetop ; -2.599 ; -2.599           ;
+---------+--------+------------------+


+------------------------------------+
; Slow 1100mV 85C Model Hold Summary ;
+---------+--------+-----------------+
; Clock   ; Slack  ; End Point TNS   ;
+---------+--------+-----------------+
; clk     ; -0.045 ; -0.074          ;
; modetop ; 1.087  ; 0.000           ;
+---------+--------+-----------------+


------------------------------------------
; Slow 1100mV 85C Model Recovery Summary ;
------------------------------------------
No paths to report.


-----------------------------------------
; Slow 1100mV 85C Model Removal Summary ;
-----------------------------------------
No paths to report.


+---------------------------------------------------+
; Slow 1100mV 85C Model Minimum Pulse Width Summary ;
+---------+--------+--------------------------------+
; Clock   ; Slack  ; End Point TNS                  ;
+---------+--------+--------------------------------+
; clk     ; -0.394 ; -62.372                        ;
; modetop ; 0.212  ; 0.000                          ;
+---------+--------+--------------------------------+


+------------------------------------------------------------------------+
; Setup Times                                                            ;
+-----------+------------+--------+-------+------------+-----------------+
; Data Port ; Clock Port ; Rise   ; Fall  ; Clock Edge ; Clock Reference ;
+-----------+------------+--------+-------+------------+-----------------+
; htop      ; clk        ; 1.148  ; 1.541 ; Rise       ; clk             ;
; modetop   ; clk        ; 1.695  ; 2.373 ; Rise       ; clk             ;
; rst       ; clk        ; 0.748  ; 0.863 ; Rise       ; clk             ;
; switch_id ; clk        ; -0.018 ; 0.293 ; Rise       ; clk             ;
; vtop      ; clk        ; 1.059  ; 1.256 ; Rise       ; clk             ;
; xin[*]    ; clk        ; 1.194  ; 1.462 ; Rise       ; clk             ;
;  xin[0]   ; clk        ; 0.640  ; 0.892 ; Rise       ; clk             ;
;  xin[1]   ; clk        ; 0.096  ; 0.303 ; Rise       ; clk             ;
;  xin[2]   ; clk        ; 0.769  ; 1.092 ; Rise       ; clk             ;
;  xin[3]   ; clk        ; 0.969  ; 1.123 ; Rise       ; clk             ;
;  xin[4]   ; clk        ; 0.099  ; 0.233 ; Rise       ; clk             ;
;  xin[5]   ; clk        ; -0.055 ; 0.160 ; Rise       ; clk             ;
;  xin[6]   ; clk        ; 0.231  ; 0.431 ; Rise       ; clk             ;
;  xin[7]   ; clk        ; 0.038  ; 0.171 ; Rise       ; clk             ;
;  xin[8]   ; clk        ; 0.585  ; 0.766 ; Rise       ; clk             ;
;  xin[9]   ; clk        ; 1.194  ; 1.462 ; Rise       ; clk             ;
; htop      ; modetop    ; 1.499  ; 1.824 ; Fall       ; modetop         ;
+-----------+------------+--------+-------+------------+-----------------+


+-------------------------------------------------------------------------+
; Hold Times                                                              ;
+-----------+------------+--------+--------+------------+-----------------+
; Data Port ; Clock Port ; Rise   ; Fall   ; Clock Edge ; Clock Reference ;
+-----------+------------+--------+--------+------------+-----------------+
; htop      ; clk        ; 0.400  ; 0.195  ; Rise       ; clk             ;
; modetop   ; clk        ; -0.115 ; -0.665 ; Rise       ; clk             ;
; rst       ; clk        ; 1.092  ; 0.911  ; Rise       ; clk             ;
; switch_id ; clk        ; 1.026  ; 0.796  ; Rise       ; clk             ;
; vtop      ; clk        ; 0.914  ; 0.712  ; Rise       ; clk             ;
; xin[*]    ; clk        ; 1.276  ; 1.135  ; Rise       ; clk             ;
;  xin[0]   ; clk        ; 1.089  ; 0.853  ; Rise       ; clk             ;
;  xin[1]   ; clk        ; 0.972  ; 0.798  ; Rise       ; clk             ;
;  xin[2]   ; clk        ; 1.226  ; 1.038  ; Rise       ; clk             ;
;  xin[3]   ; clk        ; 0.996  ; 0.849  ; Rise       ; clk             ;
;  xin[4]   ; clk        ; 1.260  ; 1.123  ; Rise       ; clk             ;
;  xin[5]   ; clk        ; 1.180  ; 1.000  ; Rise       ; clk             ;
;  xin[6]   ; clk        ; 1.032  ; 0.849  ; Rise       ; clk             ;
;  xin[7]   ; clk        ; 1.276  ; 1.135  ; Rise       ; clk             ;
;  xin[8]   ; clk        ; 1.043  ; 0.910  ; Rise       ; clk             ;
;  xin[9]   ; clk        ; 0.854  ; 0.640  ; Rise       ; clk             ;
; htop      ; modetop    ; 0.469  ; 0.233  ; Fall       ; modetop         ;
+-----------+------------+--------+--------+------------+-----------------+


+--------------------------------------------------------------------------+
; Clock to Output Times                                                    ;
+------------+------------+--------+--------+------------+-----------------+
; Data Port  ; Clock Port ; Rise   ; Fall   ; Clock Edge ; Clock Reference ;
+------------+------------+--------+--------+------------+-----------------+
; LedR       ; clk        ; 10.134 ; 10.369 ; Rise       ; clk             ;
; serial_out ; clk        ; 10.188 ; 10.313 ; Rise       ; clk             ;
+------------+------------+--------+--------+------------+-----------------+


+------------------------------------------------------------------------+
; Minimum Clock to Output Times                                          ;
+------------+------------+-------+-------+------------+-----------------+
; Data Port  ; Clock Port ; Rise  ; Fall  ; Clock Edge ; Clock Reference ;
+------------+------------+-------+-------+------------+-----------------+
; LedR       ; clk        ; 8.285 ; 8.435 ; Rise       ; clk             ;
; serial_out ; clk        ; 8.362 ; 8.460 ; Rise       ; clk             ;
+------------+------------+-------+-------+------------+-----------------+


----------------------------------------------
; Slow 1100mV 85C Model Metastability Report ;
----------------------------------------------
No synchronizer chains to report.


+--------------------------------------------------+
; Slow 1100mV 0C Model Fmax Summary                ;
+------------+-----------------+------------+------+
; Fmax       ; Restricted Fmax ; Clock Name ; Note ;
+------------+-----------------+------------+------+
; 236.63 MHz ; 236.63 MHz      ; clk        ;      ;
+------------+-----------------+------------+------+
This panel reports FMAX for every clock in the design, regardless of the user-specified clock periods.  FMAX is only computed for paths where the source and destination registers or ports are driven by the same clock.  Paths of different clocks, including generated clocks, are ignored.  For paths between a clock and its inversion, FMAX is computed as if the rising and falling edges are scaled along with FMAX, such that the duty cycle (in terms of a percentage) is maintained. Altera recommends that you always use clock constraints and other slack reports for sign-off analysis.


+------------------------------------+
; Slow 1100mV 0C Model Setup Summary ;
+---------+--------+-----------------+
; Clock   ; Slack  ; End Point TNS   ;
+---------+--------+-----------------+
; clk     ; -3.226 ; -138.463        ;
; modetop ; -2.798 ; -2.798          ;
+---------+--------+-----------------+


+-----------------------------------+
; Slow 1100mV 0C Model Hold Summary ;
+---------+--------+----------------+
; Clock   ; Slack  ; End Point TNS  ;
+---------+--------+----------------+
; clk     ; -0.286 ; -1.020         ;
; modetop ; 1.162  ; 0.000          ;
+---------+--------+----------------+


-----------------------------------------
; Slow 1100mV 0C Model Recovery Summary ;
-----------------------------------------
No paths to report.


----------------------------------------
; Slow 1100mV 0C Model Removal Summary ;
----------------------------------------
No paths to report.


+--------------------------------------------------+
; Slow 1100mV 0C Model Minimum Pulse Width Summary ;
+---------+--------+-------------------------------+
; Clock   ; Slack  ; End Point TNS                 ;
+---------+--------+-------------------------------+
; clk     ; -0.394 ; -68.317                       ;
; modetop ; 0.209  ; 0.000                         ;
+---------+--------+-------------------------------+


+------------------------------------------------------------------------+
; Setup Times                                                            ;
+-----------+------------+--------+-------+------------+-----------------+
; Data Port ; Clock Port ; Rise   ; Fall  ; Clock Edge ; Clock Reference ;
+-----------+------------+--------+-------+------------+-----------------+
; htop      ; clk        ; 1.054  ; 1.442 ; Rise       ; clk             ;
; modetop   ; clk        ; 1.475  ; 2.153 ; Rise       ; clk             ;
; rst       ; clk        ; 0.524  ; 0.632 ; Rise       ; clk             ;
; switch_id ; clk        ; -0.175 ; 0.132 ; Rise       ; clk             ;
; vtop      ; clk        ; 0.954  ; 1.136 ; Rise       ; clk             ;
; xin[*]    ; clk        ; 1.113  ; 1.355 ; Rise       ; clk             ;
;  xin[0]   ; clk        ; 0.560  ; 0.809 ; Rise       ; clk             ;
;  xin[1]   ; clk        ; -0.003 ; 0.215 ; Rise       ; clk             ;
;  xin[2]   ; clk        ; 0.632  ; 0.981 ; Rise       ; clk             ;
;  xin[3]   ; clk        ; 0.883  ; 1.011 ; Rise       ; clk             ;
;  xin[4]   ; clk        ; -0.004 ; 0.124 ; Rise       ; clk             ;
;  xin[5]   ; clk        ; -0.184 ; 0.046 ; Rise       ; clk             ;
;  xin[6]   ; clk        ; 0.151  ; 0.337 ; Rise       ; clk             ;
;  xin[7]   ; clk        ; -0.066 ; 0.070 ; Rise       ; clk             ;
;  xin[8]   ; clk        ; 0.492  ; 0.665 ; Rise       ; clk             ;
;  xin[9]   ; clk        ; 1.113  ; 1.355 ; Rise       ; clk             ;
; htop      ; modetop    ; 1.587  ; 1.909 ; Fall       ; modetop         ;
+-----------+------------+--------+-------+------------+-----------------+


+------------------------------------------------------------------------+
; Hold Times                                                             ;
+-----------+------------+-------+--------+------------+-----------------+
; Data Port ; Clock Port ; Rise  ; Fall   ; Clock Edge ; Clock Reference ;
+-----------+------------+-------+--------+------------+-----------------+
; htop      ; clk        ; 0.506 ; 0.378  ; Rise       ; clk             ;
; modetop   ; clk        ; 0.126 ; -0.447 ; Rise       ; clk             ;
; rst       ; clk        ; 1.231 ; 1.082  ; Rise       ; clk             ;
; switch_id ; clk        ; 1.176 ; 0.944  ; Rise       ; clk             ;
; vtop      ; clk        ; 1.021 ; 0.829  ; Rise       ; clk             ;
; xin[*]    ; clk        ; 1.420 ; 1.267  ; Rise       ; clk             ;
;  xin[0]   ; clk        ; 1.211 ; 0.985  ; Rise       ; clk             ;
;  xin[1]   ; clk        ; 1.082 ; 0.918  ; Rise       ; clk             ;
;  xin[2]   ; clk        ; 1.358 ; 1.168  ; Rise       ; clk             ;
;  xin[3]   ; clk        ; 1.087 ; 0.945  ; Rise       ; clk             ;
;  xin[4]   ; clk        ; 1.407 ; 1.263  ; Rise       ; clk             ;
;  xin[5]   ; clk        ; 1.328 ; 1.132  ; Rise       ; clk             ;
;  xin[6]   ; clk        ; 1.155 ; 0.973  ; Rise       ; clk             ;
;  xin[7]   ; clk        ; 1.420 ; 1.267  ; Rise       ; clk             ;
;  xin[8]   ; clk        ; 1.166 ; 1.026  ; Rise       ; clk             ;
;  xin[9]   ; clk        ; 0.940 ; 0.725  ; Rise       ; clk             ;
; htop      ; modetop    ; 0.471 ; 0.265  ; Fall       ; modetop         ;
+-----------+------------+-------+--------+------------+-----------------+


+-------------------------------------------------------------------------+
; Clock to Output Times                                                   ;
+------------+------------+-------+--------+------------+-----------------+
; Data Port  ; Clock Port ; Rise  ; Fall   ; Clock Edge ; Clock Reference ;
+------------+------------+-------+--------+------------+-----------------+
; LedR       ; clk        ; 9.894 ; 10.151 ; Rise       ; clk             ;
; serial_out ; clk        ; 9.929 ; 10.122 ; Rise       ; clk             ;
+------------+------------+-------+--------+------------+-----------------+


+------------------------------------------------------------------------+
; Minimum Clock to Output Times                                          ;
+------------+------------+-------+-------+------------+-----------------+
; Data Port  ; Clock Port ; Rise  ; Fall  ; Clock Edge ; Clock Reference ;
+------------+------------+-------+-------+------------+-----------------+
; LedR       ; clk        ; 8.091 ; 8.286 ; Rise       ; clk             ;
; serial_out ; clk        ; 8.148 ; 8.315 ; Rise       ; clk             ;
+------------+------------+-------+-------+------------+-----------------+


---------------------------------------------
; Slow 1100mV 0C Model Metastability Report ;
---------------------------------------------
No synchronizer chains to report.


+-------------------------------------+
; Fast 1100mV 85C Model Setup Summary ;
+---------+--------+------------------+
; Clock   ; Slack  ; End Point TNS    ;
+---------+--------+------------------+
; clk     ; -1.582 ; -50.413          ;
; modetop ; -0.923 ; -0.923           ;
+---------+--------+------------------+


+------------------------------------+
; Fast 1100mV 85C Model Hold Summary ;
+---------+--------+-----------------+
; Clock   ; Slack  ; End Point TNS   ;
+---------+--------+-----------------+
; clk     ; -0.017 ; -0.026          ;
; modetop ; 0.430  ; 0.000           ;
+---------+--------+-----------------+


------------------------------------------
; Fast 1100mV 85C Model Recovery Summary ;
------------------------------------------
No paths to report.


-----------------------------------------
; Fast 1100mV 85C Model Removal Summary ;
-----------------------------------------
No paths to report.


+---------------------------------------------------+
; Fast 1100mV 85C Model Minimum Pulse Width Summary ;
+---------+--------+--------------------------------+
; Clock   ; Slack  ; End Point TNS                  ;
+---------+--------+--------------------------------+
; clk     ; -0.091 ; -9.779                         ;
; modetop ; -0.019 ; -0.019                         ;
+---------+--------+--------------------------------+


+------------------------------------------------------------------------+
; Setup Times                                                            ;
+-----------+------------+--------+-------+------------+-----------------+
; Data Port ; Clock Port ; Rise   ; Fall  ; Clock Edge ; Clock Reference ;
+-----------+------------+--------+-------+------------+-----------------+
; htop      ; clk        ; 0.584  ; 1.218 ; Rise       ; clk             ;
; modetop   ; clk        ; 1.012  ; 1.922 ; Rise       ; clk             ;
; rst       ; clk        ; 0.337  ; 0.713 ; Rise       ; clk             ;
; switch_id ; clk        ; 0.011  ; 0.586 ; Rise       ; clk             ;
; vtop      ; clk        ; 0.511  ; 1.049 ; Rise       ; clk             ;
; xin[*]    ; clk        ; 0.579  ; 1.161 ; Rise       ; clk             ;
;  xin[0]   ; clk        ; 0.249  ; 0.767 ; Rise       ; clk             ;
;  xin[1]   ; clk        ; 0.037  ; 0.499 ; Rise       ; clk             ;
;  xin[2]   ; clk        ; 0.360  ; 0.922 ; Rise       ; clk             ;
;  xin[3]   ; clk        ; 0.450  ; 0.947 ; Rise       ; clk             ;
;  xin[4]   ; clk        ; -0.021 ; 0.417 ; Rise       ; clk             ;
;  xin[5]   ; clk        ; -0.084 ; 0.388 ; Rise       ; clk             ;
;  xin[6]   ; clk        ; 0.084  ; 0.573 ; Rise       ; clk             ;
;  xin[7]   ; clk        ; -0.023 ; 0.404 ; Rise       ; clk             ;
;  xin[8]   ; clk        ; 0.228  ; 0.701 ; Rise       ; clk             ;
;  xin[9]   ; clk        ; 0.579  ; 1.161 ; Rise       ; clk             ;
; htop      ; modetop    ; 0.429  ; 1.009 ; Fall       ; modetop         ;
+-----------+------------+--------+-------+------------+-----------------+


+-------------------------------------------------------------------------+
; Hold Times                                                              ;
+-----------+------------+--------+--------+------------+-----------------+
; Data Port ; Clock Port ; Rise   ; Fall   ; Clock Edge ; Clock Reference ;
+-----------+------------+--------+--------+------------+-----------------+
; htop      ; clk        ; 0.232  ; -0.244 ; Rise       ; clk             ;
; modetop   ; clk        ; -0.143 ; -0.906 ; Rise       ; clk             ;
; rst       ; clk        ; 0.607  ; 0.193  ; Rise       ; clk             ;
; switch_id ; clk        ; 0.561  ; 0.053  ; Rise       ; clk             ;
; vtop      ; clk        ; 0.530  ; 0.056  ; Rise       ; clk             ;
; xin[*]    ; clk        ; 0.722  ; 0.298  ; Rise       ; clk             ;
;  xin[0]   ; clk        ; 0.634  ; 0.173  ; Rise       ; clk             ;
;  xin[1]   ; clk        ; 0.532  ; 0.109  ; Rise       ; clk             ;
;  xin[2]   ; clk        ; 0.714  ; 0.288  ; Rise       ; clk             ;
;  xin[3]   ; clk        ; 0.590  ; 0.165  ; Rise       ; clk             ;
;  xin[4]   ; clk        ; 0.722  ; 0.298  ; Rise       ; clk             ;
;  xin[5]   ; clk        ; 0.690  ; 0.233  ; Rise       ; clk             ;
;  xin[6]   ; clk        ; 0.568  ; 0.117  ; Rise       ; clk             ;
;  xin[7]   ; clk        ; 0.699  ; 0.284  ; Rise       ; clk             ;
;  xin[8]   ; clk        ; 0.621  ; 0.203  ; Rise       ; clk             ;
;  xin[9]   ; clk        ; 0.512  ; 0.036  ; Rise       ; clk             ;
; htop      ; modetop    ; 0.552  ; 0.047  ; Fall       ; modetop         ;
+-----------+------------+--------+--------+------------+-----------------+


+------------------------------------------------------------------------+
; Clock to Output Times                                                  ;
+------------+------------+-------+-------+------------+-----------------+
; Data Port  ; Clock Port ; Rise  ; Fall  ; Clock Edge ; Clock Reference ;
+------------+------------+-------+-------+------------+-----------------+
; LedR       ; clk        ; 5.959 ; 6.301 ; Rise       ; clk             ;
; serial_out ; clk        ; 5.971 ; 6.212 ; Rise       ; clk             ;
+------------+------------+-------+-------+------------+-----------------+


+------------------------------------------------------------------------+
; Minimum Clock to Output Times                                          ;
+------------+------------+-------+-------+------------+-----------------+
; Data Port  ; Clock Port ; Rise  ; Fall  ; Clock Edge ; Clock Reference ;
+------------+------------+-------+-------+------------+-----------------+
; LedR       ; clk        ; 4.963 ; 5.233 ; Rise       ; clk             ;
; serial_out ; clk        ; 4.992 ; 5.203 ; Rise       ; clk             ;
+------------+------------+-------+-------+------------+-----------------+


----------------------------------------------
; Fast 1100mV 85C Model Metastability Report ;
----------------------------------------------
No synchronizer chains to report.


+------------------------------------+
; Fast 1100mV 0C Model Setup Summary ;
+---------+--------+-----------------+
; Clock   ; Slack  ; End Point TNS   ;
+---------+--------+-----------------+
; clk     ; -1.400 ; -42.171         ;
; modetop ; -0.825 ; -0.825          ;
+---------+--------+-----------------+


+-----------------------------------+
; Fast 1100mV 0C Model Hold Summary ;
+---------+--------+----------------+
; Clock   ; Slack  ; End Point TNS  ;
+---------+--------+----------------+
; clk     ; -0.110 ; -0.419         ;
; modetop ; 0.377  ; 0.000          ;
+---------+--------+----------------+


-----------------------------------------
; Fast 1100mV 0C Model Recovery Summary ;
-----------------------------------------
No paths to report.


----------------------------------------
; Fast 1100mV 0C Model Removal Summary ;
----------------------------------------
No paths to report.


+--------------------------------------------------+
; Fast 1100mV 0C Model Minimum Pulse Width Summary ;
+---------+--------+-------------------------------+
; Clock   ; Slack  ; End Point TNS                 ;
+---------+--------+-------------------------------+
; clk     ; -0.089 ; -9.680                        ;
; modetop ; -0.015 ; -0.015                        ;
+---------+--------+-------------------------------+


+------------------------------------------------------------------------+
; Setup Times                                                            ;
+-----------+------------+--------+-------+------------+-----------------+
; Data Port ; Clock Port ; Rise   ; Fall  ; Clock Edge ; Clock Reference ;
+-----------+------------+--------+-------+------------+-----------------+
; htop      ; clk        ; 0.533  ; 1.136 ; Rise       ; clk             ;
; modetop   ; clk        ; 0.909  ; 1.740 ; Rise       ; clk             ;
; rst       ; clk        ; 0.262  ; 0.632 ; Rise       ; clk             ;
; switch_id ; clk        ; -0.006 ; 0.543 ; Rise       ; clk             ;
; vtop      ; clk        ; 0.462  ; 0.976 ; Rise       ; clk             ;
; xin[*]    ; clk        ; 0.554  ; 1.109 ; Rise       ; clk             ;
;  xin[0]   ; clk        ; 0.247  ; 0.753 ; Rise       ; clk             ;
;  xin[1]   ; clk        ; 0.035  ; 0.505 ; Rise       ; clk             ;
;  xin[2]   ; clk        ; 0.311  ; 0.870 ; Rise       ; clk             ;
;  xin[3]   ; clk        ; 0.432  ; 0.912 ; Rise       ; clk             ;
;  xin[4]   ; clk        ; -0.011 ; 0.432 ; Rise       ; clk             ;
;  xin[5]   ; clk        ; -0.075 ; 0.402 ; Rise       ; clk             ;
;  xin[6]   ; clk        ; 0.080  ; 0.559 ; Rise       ; clk             ;
;  xin[7]   ; clk        ; -0.031 ; 0.406 ; Rise       ; clk             ;
;  xin[8]   ; clk        ; 0.226  ; 0.697 ; Rise       ; clk             ;
;  xin[9]   ; clk        ; 0.554  ; 1.109 ; Rise       ; clk             ;
; htop      ; modetop    ; 0.371  ; 0.931 ; Fall       ; modetop         ;
+-----------+------------+--------+-------+------------+-----------------+


+-------------------------------------------------------------------------+
; Hold Times                                                              ;
+-----------+------------+--------+--------+------------+-----------------+
; Data Port ; Clock Port ; Rise   ; Fall   ; Clock Edge ; Clock Reference ;
+-----------+------------+--------+--------+------------+-----------------+
; htop      ; clk        ; 0.256  ; -0.190 ; Rise       ; clk             ;
; modetop   ; clk        ; -0.050 ; -0.786 ; Rise       ; clk             ;
; rst       ; clk        ; 0.623  ; 0.211  ; Rise       ; clk             ;
; switch_id ; clk        ; 0.563  ; 0.070  ; Rise       ; clk             ;
; vtop      ; clk        ; 0.536  ; 0.070  ; Rise       ; clk             ;
; xin[*]    ; clk        ; 0.725  ; 0.284  ; Rise       ; clk             ;
;  xin[0]   ; clk        ; 0.620  ; 0.160  ; Rise       ; clk             ;
;  xin[1]   ; clk        ; 0.530  ; 0.095  ; Rise       ; clk             ;
;  xin[2]   ; clk        ; 0.725  ; 0.284  ; Rise       ; clk             ;
;  xin[3]   ; clk        ; 0.567  ; 0.139  ; Rise       ; clk             ;
;  xin[4]   ; clk        ; 0.705  ; 0.271  ; Rise       ; clk             ;
;  xin[5]   ; clk        ; 0.677  ; 0.213  ; Rise       ; clk             ;
;  xin[6]   ; clk        ; 0.572  ; 0.116  ; Rise       ; clk             ;
;  xin[7]   ; clk        ; 0.705  ; 0.273  ; Rise       ; clk             ;
;  xin[8]   ; clk        ; 0.602  ; 0.175  ; Rise       ; clk             ;
;  xin[9]   ; clk        ; 0.492  ; 0.015  ; Rise       ; clk             ;
; htop      ; modetop    ; 0.584  ; 0.097  ; Fall       ; modetop         ;
+-----------+------------+--------+--------+------------+-----------------+


+------------------------------------------------------------------------+
; Clock to Output Times                                                  ;
+------------+------------+-------+-------+------------+-----------------+
; Data Port  ; Clock Port ; Rise  ; Fall  ; Clock Edge ; Clock Reference ;
+------------+------------+-------+-------+------------+-----------------+
; LedR       ; clk        ; 5.639 ; 5.929 ; Rise       ; clk             ;
; serial_out ; clk        ; 5.673 ; 5.868 ; Rise       ; clk             ;
+------------+------------+-------+-------+------------+-----------------+


+------------------------------------------------------------------------+
; Minimum Clock to Output Times                                          ;
+------------+------------+-------+-------+------------+-----------------+
; Data Port  ; Clock Port ; Rise  ; Fall  ; Clock Edge ; Clock Reference ;
+------------+------------+-------+-------+------------+-----------------+
; LedR       ; clk        ; 4.662 ; 4.902 ; Rise       ; clk             ;
; serial_out ; clk        ; 4.710 ; 4.880 ; Rise       ; clk             ;
+------------+------------+-------+-------+------------+-----------------+


---------------------------------------------
; Fast 1100mV 0C Model Metastability Report ;
---------------------------------------------
No synchronizer chains to report.


+---------------------------------------------------------------------------------+
; Multicorner Timing Analysis Summary                                             ;
+------------------+----------+--------+----------+---------+---------------------+
; Clock            ; Setup    ; Hold   ; Recovery ; Removal ; Minimum Pulse Width ;
+------------------+----------+--------+----------+---------+---------------------+
; Worst-case Slack ; -3.226   ; -0.286 ; N/A      ; N/A     ; -0.394              ;
;  clk             ; -3.226   ; -0.286 ; N/A      ; N/A     ; -0.394              ;
;  modetop         ; -2.798   ; 0.377  ; N/A      ; N/A     ; -0.019              ;
; Design-wide TNS  ; -142.962 ; -1.02  ; 0.0      ; 0.0     ; -68.317             ;
;  clk             ; -140.363 ; -1.020 ; N/A      ; N/A     ; -68.317             ;
;  modetop         ; -2.798   ; 0.000  ; N/A      ; N/A     ; -0.019              ;
+------------------+----------+--------+----------+---------+---------------------+


+------------------------------------------------------------------------+
; Setup Times                                                            ;
+-----------+------------+--------+-------+------------+-----------------+
; Data Port ; Clock Port ; Rise   ; Fall  ; Clock Edge ; Clock Reference ;
+-----------+------------+--------+-------+------------+-----------------+
; htop      ; clk        ; 1.148  ; 1.541 ; Rise       ; clk             ;
; modetop   ; clk        ; 1.695  ; 2.373 ; Rise       ; clk             ;
; rst       ; clk        ; 0.748  ; 0.863 ; Rise       ; clk             ;
; switch_id ; clk        ; 0.011  ; 0.586 ; Rise       ; clk             ;
; vtop      ; clk        ; 1.059  ; 1.256 ; Rise       ; clk             ;
; xin[*]    ; clk        ; 1.194  ; 1.462 ; Rise       ; clk             ;
;  xin[0]   ; clk        ; 0.640  ; 0.892 ; Rise       ; clk             ;
;  xin[1]   ; clk        ; 0.096  ; 0.505 ; Rise       ; clk             ;
;  xin[2]   ; clk        ; 0.769  ; 1.092 ; Rise       ; clk             ;
;  xin[3]   ; clk        ; 0.969  ; 1.123 ; Rise       ; clk             ;
;  xin[4]   ; clk        ; 0.099  ; 0.432 ; Rise       ; clk             ;
;  xin[5]   ; clk        ; -0.055 ; 0.402 ; Rise       ; clk             ;
;  xin[6]   ; clk        ; 0.231  ; 0.573 ; Rise       ; clk             ;
;  xin[7]   ; clk        ; 0.038  ; 0.406 ; Rise       ; clk             ;
;  xin[8]   ; clk        ; 0.585  ; 0.766 ; Rise       ; clk             ;
;  xin[9]   ; clk        ; 1.194  ; 1.462 ; Rise       ; clk             ;
; htop      ; modetop    ; 1.587  ; 1.909 ; Fall       ; modetop         ;
+-----------+------------+--------+-------+------------+-----------------+


+------------------------------------------------------------------------+
; Hold Times                                                             ;
+-----------+------------+-------+--------+------------+-----------------+
; Data Port ; Clock Port ; Rise  ; Fall   ; Clock Edge ; Clock Reference ;
+-----------+------------+-------+--------+------------+-----------------+
; htop      ; clk        ; 0.506 ; 0.378  ; Rise       ; clk             ;
; modetop   ; clk        ; 0.126 ; -0.447 ; Rise       ; clk             ;
; rst       ; clk        ; 1.231 ; 1.082  ; Rise       ; clk             ;
; switch_id ; clk        ; 1.176 ; 0.944  ; Rise       ; clk             ;
; vtop      ; clk        ; 1.021 ; 0.829  ; Rise       ; clk             ;
; xin[*]    ; clk        ; 1.420 ; 1.267  ; Rise       ; clk             ;
;  xin[0]   ; clk        ; 1.211 ; 0.985  ; Rise       ; clk             ;
;  xin[1]   ; clk        ; 1.082 ; 0.918  ; Rise       ; clk             ;
;  xin[2]   ; clk        ; 1.358 ; 1.168  ; Rise       ; clk             ;
;  xin[3]   ; clk        ; 1.087 ; 0.945  ; Rise       ; clk             ;
;  xin[4]   ; clk        ; 1.407 ; 1.263  ; Rise       ; clk             ;
;  xin[5]   ; clk        ; 1.328 ; 1.132  ; Rise       ; clk             ;
;  xin[6]   ; clk        ; 1.155 ; 0.973  ; Rise       ; clk             ;
;  xin[7]   ; clk        ; 1.420 ; 1.267  ; Rise       ; clk             ;
;  xin[8]   ; clk        ; 1.166 ; 1.026  ; Rise       ; clk             ;
;  xin[9]   ; clk        ; 0.940 ; 0.725  ; Rise       ; clk             ;
; htop      ; modetop    ; 0.584 ; 0.265  ; Fall       ; modetop         ;
+-----------+------------+-------+--------+------------+-----------------+


+--------------------------------------------------------------------------+
; Clock to Output Times                                                    ;
+------------+------------+--------+--------+------------+-----------------+
; Data Port  ; Clock Port ; Rise   ; Fall   ; Clock Edge ; Clock Reference ;
+------------+------------+--------+--------+------------+-----------------+
; LedR       ; clk        ; 10.134 ; 10.369 ; Rise       ; clk             ;
; serial_out ; clk        ; 10.188 ; 10.313 ; Rise       ; clk             ;
+------------+------------+--------+--------+------------+-----------------+


+------------------------------------------------------------------------+
; Minimum Clock to Output Times                                          ;
+------------+------------+-------+-------+------------+-----------------+
; Data Port  ; Clock Port ; Rise  ; Fall  ; Clock Edge ; Clock Reference ;
+------------+------------+-------+-------+------------+-----------------+
; LedR       ; clk        ; 4.662 ; 4.902 ; Rise       ; clk             ;
; serial_out ; clk        ; 4.710 ; 4.880 ; Rise       ; clk             ;
+------------+------------+-------+-------+------------+-----------------+


+---------------------------------------------------------------------------------------------------------------------------------------------------------------------------------------------------------------------------------------------------------------------------------------------------------------------------------------------------------------------------------------------------------------+
; Board Trace Model Assignments                                                                                                                                                                                                                                                                                                                                                                                 ;
+------------+--------------+-------------------+-------------------------+-------------------------+---------------+---------------------+----------------+------------------+--------+------------------+------------------------+------------------------+--------------+---------------+-----------------+-------+---------------------+--------------------+---------------+-----------------+-------------+
; Pin        ; I/O Standard ; Near Tline Length ; Near Tline L per Length ; Near Tline C per Length ; Near Series R ; Near Differential R ; Near Pull-up R ; Near Pull-down R ; Near C ; Far Tline Length ; Far Tline L per Length ; Far Tline C per Length ; Far Series R ; Far Pull-up R ; Far Pull-down R ; Far C ; Termination Voltage ; Far Differential R ; EBD File Name ; EBD Signal Name ; EBD Far-end ;
+------------+--------------+-------------------+-------------------------+-------------------------+---------------+---------------------+----------------+------------------+--------+------------------+------------------------+------------------------+--------------+---------------+-----------------+-------+---------------------+--------------------+---------------+-----------------+-------------+
; LedR       ; 2.5 V        ; 0 in              ; 0 H/in                  ; 0 F/in                  ; short         ; -                   ; open           ; open             ; open   ; 0 in             ; 0 H/in                 ; 0 F/in                 ; short        ; open          ; open            ; open  ; 0 V                 ; -                  ; n/a           ; n/a             ; n/a         ;
; serial_out ; 2.5 V        ; 0 in              ; 0 H/in                  ; 0 F/in                  ; short         ; -                   ; open           ; open             ; open   ; 0 in             ; 0 H/in                 ; 0 F/in                 ; short        ; open          ; open            ; open  ; 0 V                 ; -                  ; n/a           ; n/a             ; n/a         ;
+------------+--------------+-------------------+-------------------------+-------------------------+---------------+---------------------+----------------+------------------+--------+------------------+------------------------+------------------------+--------------+---------------+-----------------+-------+---------------------+--------------------+---------------+-----------------+-------------+


+--------------------------------------------------------------+
; Input Transition Times                                       ;
+-----------+--------------+-----------------+-----------------+
; Pin       ; I/O Standard ; 10-90 Rise Time ; 90-10 Fall Time ;
+-----------+--------------+-----------------+-----------------+
; clk       ; 2.5 V        ; 2000 ps         ; 2000 ps         ;
; rst       ; 2.5 V        ; 2000 ps         ; 2000 ps         ;
; xin[5]    ; 2.5 V        ; 2000 ps         ; 2000 ps         ;
; modetop   ; 2.5 V        ; 2000 ps         ; 2000 ps         ;
; xin[7]    ; 2.5 V        ; 2000 ps         ; 2000 ps         ;
; xin[4]    ; 2.5 V        ; 2000 ps         ; 2000 ps         ;
; vtop      ; 2.5 V        ; 2000 ps         ; 2000 ps         ;
; htop      ; 2.5 V        ; 2000 ps         ; 2000 ps         ;
; xin[6]    ; 2.5 V        ; 2000 ps         ; 2000 ps         ;
; switch_id ; 2.5 V        ; 2000 ps         ; 2000 ps         ;
; xin[1]    ; 2.5 V        ; 2000 ps         ; 2000 ps         ;
; xin[9]    ; 2.5 V        ; 2000 ps         ; 2000 ps         ;
; xin[3]    ; 2.5 V        ; 2000 ps         ; 2000 ps         ;
; xin[0]    ; 2.5 V        ; 2000 ps         ; 2000 ps         ;
; xin[8]    ; 2.5 V        ; 2000 ps         ; 2000 ps         ;
; xin[2]    ; 2.5 V        ; 2000 ps         ; 2000 ps         ;
+-----------+--------------+-----------------+-----------------+


+-----------------------------------------------------------------------------------------------------------------------------------------------------------------------------------------------------------------------------------------------------------------------------------------------------------------------------------------------------------------------------------------------------------------------------------------------------------------------------------------------------------------------------------------------------------------------------------------------------------------------------------------------------------------------------------------+
; Signal Integrity Metrics (Slow 1100mv 0c Model)                                                                                                                                                                                                                                                                                                                                                                                                                                                                                                                                                                                                                                         ;
+------------+--------------+---------------------+---------------------+------------------------------+------------------------------+---------------------+---------------------+--------------------------------------+--------------------------------------+-----------------------------+-----------------------------+----------------------------+----------------------------+-----------------------------+-----------------------------+--------------------+--------------------+-------------------------------------+-------------------------------------+----------------------------+----------------------------+---------------------------+---------------------------+
; Pin        ; I/O Standard ; Board Delay on Rise ; Board Delay on Fall ; Steady State Voh at FPGA Pin ; Steady State Vol at FPGA Pin ; Voh Max at FPGA Pin ; Vol Min at FPGA Pin ; Ringback Voltage on Rise at FPGA Pin ; Ringback Voltage on Fall at FPGA Pin ; 10-90 Rise Time at FPGA Pin ; 90-10 Fall Time at FPGA Pin ; Monotonic Rise at FPGA Pin ; Monotonic Fall at FPGA Pin ; Steady State Voh at Far-end ; Steady State Vol at Far-end ; Voh Max at Far-end ; Vol Min at Far-end ; Ringback Voltage on Rise at Far-end ; Ringback Voltage on Fall at Far-end ; 10-90 Rise Time at Far-end ; 90-10 Fall Time at Far-end ; Monotonic Rise at Far-end ; Monotonic Fall at Far-end ;
+------------+--------------+---------------------+---------------------+------------------------------+------------------------------+---------------------+---------------------+--------------------------------------+--------------------------------------+-----------------------------+-----------------------------+----------------------------+----------------------------+-----------------------------+-----------------------------+--------------------+--------------------+-------------------------------------+-------------------------------------+----------------------------+----------------------------+---------------------------+---------------------------+
; LedR       ; 2.5 V        ; 0 s                 ; 0 s                 ; 2.32 V                       ; 3.6e-07 V                    ; 2.41 V              ; -0.0463 V           ; 0.201 V                              ; 0.131 V                              ; 4.61e-10 s                  ; 4.53e-10 s                  ; No                         ; Yes                        ; 2.32 V                      ; 3.6e-07 V                   ; 2.41 V             ; -0.0463 V          ; 0.201 V                             ; 0.131 V                             ; 4.61e-10 s                 ; 4.53e-10 s                 ; No                        ; Yes                       ;
; serial_out ; 2.5 V        ; 0 s                 ; 0 s                 ; 2.32 V                       ; 3.52e-07 V                   ; 2.42 V              ; -0.0557 V           ; 0.175 V                              ; 0.114 V                              ; 4.5e-10 s                   ; 4.35e-10 s                  ; No                         ; No                         ; 2.32 V                      ; 3.52e-07 V                  ; 2.42 V             ; -0.0557 V          ; 0.175 V                             ; 0.114 V                             ; 4.5e-10 s                  ; 4.35e-10 s                 ; No                        ; No                        ;
+------------+--------------+---------------------+---------------------+------------------------------+------------------------------+---------------------+---------------------+--------------------------------------+--------------------------------------+-----------------------------+-----------------------------+----------------------------+----------------------------+-----------------------------+-----------------------------+--------------------+--------------------+-------------------------------------+-------------------------------------+----------------------------+----------------------------+---------------------------+---------------------------+


+-----------------------------------------------------------------------------------------------------------------------------------------------------------------------------------------------------------------------------------------------------------------------------------------------------------------------------------------------------------------------------------------------------------------------------------------------------------------------------------------------------------------------------------------------------------------------------------------------------------------------------------------------------------------------------------------+
; Signal Integrity Metrics (Slow 1100mv 85c Model)                                                                                                                                                                                                                                                                                                                                                                                                                                                                                                                                                                                                                                        ;
+------------+--------------+---------------------+---------------------+------------------------------+------------------------------+---------------------+---------------------+--------------------------------------+--------------------------------------+-----------------------------+-----------------------------+----------------------------+----------------------------+-----------------------------+-----------------------------+--------------------+--------------------+-------------------------------------+-------------------------------------+----------------------------+----------------------------+---------------------------+---------------------------+
; Pin        ; I/O Standard ; Board Delay on Rise ; Board Delay on Fall ; Steady State Voh at FPGA Pin ; Steady State Vol at FPGA Pin ; Voh Max at FPGA Pin ; Vol Min at FPGA Pin ; Ringback Voltage on Rise at FPGA Pin ; Ringback Voltage on Fall at FPGA Pin ; 10-90 Rise Time at FPGA Pin ; 90-10 Fall Time at FPGA Pin ; Monotonic Rise at FPGA Pin ; Monotonic Fall at FPGA Pin ; Steady State Voh at Far-end ; Steady State Vol at Far-end ; Voh Max at Far-end ; Vol Min at Far-end ; Ringback Voltage on Rise at Far-end ; Ringback Voltage on Fall at Far-end ; 10-90 Rise Time at Far-end ; 90-10 Fall Time at Far-end ; Monotonic Rise at Far-end ; Monotonic Fall at Far-end ;
+------------+--------------+---------------------+---------------------+------------------------------+------------------------------+---------------------+---------------------+--------------------------------------+--------------------------------------+-----------------------------+-----------------------------+----------------------------+----------------------------+-----------------------------+-----------------------------+--------------------+--------------------+-------------------------------------+-------------------------------------+----------------------------+----------------------------+---------------------------+---------------------------+
; LedR       ; 2.5 V        ; 0 s                 ; 0 s                 ; 2.32 V                       ; 3.96e-05 V                   ; 2.38 V              ; -0.0306 V           ; 0.23 V                               ; 0.206 V                              ; 4.83e-10 s                  ; 5.01e-10 s                  ; No                         ; Yes                        ; 2.32 V                      ; 3.96e-05 V                  ; 2.38 V             ; -0.0306 V          ; 0.23 V                              ; 0.206 V                             ; 4.83e-10 s                 ; 5.01e-10 s                 ; No                        ; Yes                       ;
; serial_out ; 2.5 V        ; 0 s                 ; 0 s                 ; 2.32 V                       ; 3.88e-05 V                   ; 2.39 V              ; -0.037 V            ; 0.188 V                              ; 0.158 V                              ; 4.67e-10 s                  ; 4.67e-10 s                  ; No                         ; Yes                        ; 2.32 V                      ; 3.88e-05 V                  ; 2.39 V             ; -0.037 V           ; 0.188 V                             ; 0.158 V                             ; 4.67e-10 s                 ; 4.67e-10 s                 ; No                        ; Yes                       ;
+------------+--------------+---------------------+---------------------+------------------------------+------------------------------+---------------------+---------------------+--------------------------------------+--------------------------------------+-----------------------------+-----------------------------+----------------------------+----------------------------+-----------------------------+-----------------------------+--------------------+--------------------+-------------------------------------+-------------------------------------+----------------------------+----------------------------+---------------------------+---------------------------+


+-----------------------------------------------------------------------------------------------------------------------------------------------------------------------------------------------------------------------------------------------------------------------------------------------------------------------------------------------------------------------------------------------------------------------------------------------------------------------------------------------------------------------------------------------------------------------------------------------------------------------------------------------------------------------------------------+
; Signal Integrity Metrics (Fast 1100mv 0c Model)                                                                                                                                                                                                                                                                                                                                                                                                                                                                                                                                                                                                                                         ;
+------------+--------------+---------------------+---------------------+------------------------------+------------------------------+---------------------+---------------------+--------------------------------------+--------------------------------------+-----------------------------+-----------------------------+----------------------------+----------------------------+-----------------------------+-----------------------------+--------------------+--------------------+-------------------------------------+-------------------------------------+----------------------------+----------------------------+---------------------------+---------------------------+
; Pin        ; I/O Standard ; Board Delay on Rise ; Board Delay on Fall ; Steady State Voh at FPGA Pin ; Steady State Vol at FPGA Pin ; Voh Max at FPGA Pin ; Vol Min at FPGA Pin ; Ringback Voltage on Rise at FPGA Pin ; Ringback Voltage on Fall at FPGA Pin ; 10-90 Rise Time at FPGA Pin ; 90-10 Fall Time at FPGA Pin ; Monotonic Rise at FPGA Pin ; Monotonic Fall at FPGA Pin ; Steady State Voh at Far-end ; Steady State Vol at Far-end ; Voh Max at Far-end ; Vol Min at Far-end ; Ringback Voltage on Rise at Far-end ; Ringback Voltage on Fall at Far-end ; 10-90 Rise Time at Far-end ; 90-10 Fall Time at Far-end ; Monotonic Rise at Far-end ; Monotonic Fall at Far-end ;
+------------+--------------+---------------------+---------------------+------------------------------+------------------------------+---------------------+---------------------+--------------------------------------+--------------------------------------+-----------------------------+-----------------------------+----------------------------+----------------------------+-----------------------------+-----------------------------+--------------------+--------------------+-------------------------------------+-------------------------------------+----------------------------+----------------------------+---------------------------+---------------------------+
; LedR       ; 2.5 V        ; 0 s                 ; 0 s                 ; 2.75 V                       ; 4.25e-06 V                   ; 2.9 V               ; -0.107 V            ; 0.378 V                              ; 0.16 V                               ; 2.87e-10 s                  ; 4.28e-10 s                  ; No                         ; No                         ; 2.75 V                      ; 4.25e-06 V                  ; 2.9 V              ; -0.107 V           ; 0.378 V                             ; 0.16 V                              ; 2.87e-10 s                 ; 4.28e-10 s                 ; No                        ; No                        ;
; serial_out ; 2.5 V        ; 0 s                 ; 0 s                 ; 2.75 V                       ; 4.14e-06 V                   ; 2.91 V              ; -0.121 V            ; 0.326 V                              ; 0.297 V                              ; 2.74e-10 s                  ; 2.8e-10 s                   ; No                         ; No                         ; 2.75 V                      ; 4.14e-06 V                  ; 2.91 V             ; -0.121 V           ; 0.326 V                             ; 0.297 V                             ; 2.74e-10 s                 ; 2.8e-10 s                  ; No                        ; No                        ;
+------------+--------------+---------------------+---------------------+------------------------------+------------------------------+---------------------+---------------------+--------------------------------------+--------------------------------------+-----------------------------+-----------------------------+----------------------------+----------------------------+-----------------------------+-----------------------------+--------------------+--------------------+-------------------------------------+-------------------------------------+----------------------------+----------------------------+---------------------------+---------------------------+


+-----------------------------------------------------------------------------------------------------------------------------------------------------------------------------------------------------------------------------------------------------------------------------------------------------------------------------------------------------------------------------------------------------------------------------------------------------------------------------------------------------------------------------------------------------------------------------------------------------------------------------------------------------------------------------------------+
; Signal Integrity Metrics (Fast 1100mv 85c Model)                                                                                                                                                                                                                                                                                                                                                                                                                                                                                                                                                                                                                                        ;
+------------+--------------+---------------------+---------------------+------------------------------+------------------------------+---------------------+---------------------+--------------------------------------+--------------------------------------+-----------------------------+-----------------------------+----------------------------+----------------------------+-----------------------------+-----------------------------+--------------------+--------------------+-------------------------------------+-------------------------------------+----------------------------+----------------------------+---------------------------+---------------------------+
; Pin        ; I/O Standard ; Board Delay on Rise ; Board Delay on Fall ; Steady State Voh at FPGA Pin ; Steady State Vol at FPGA Pin ; Voh Max at FPGA Pin ; Vol Min at FPGA Pin ; Ringback Voltage on Rise at FPGA Pin ; Ringback Voltage on Fall at FPGA Pin ; 10-90 Rise Time at FPGA Pin ; 90-10 Fall Time at FPGA Pin ; Monotonic Rise at FPGA Pin ; Monotonic Fall at FPGA Pin ; Steady State Voh at Far-end ; Steady State Vol at Far-end ; Voh Max at Far-end ; Vol Min at Far-end ; Ringback Voltage on Rise at Far-end ; Ringback Voltage on Fall at Far-end ; 10-90 Rise Time at Far-end ; 90-10 Fall Time at Far-end ; Monotonic Rise at Far-end ; Monotonic Fall at Far-end ;
+------------+--------------+---------------------+---------------------+------------------------------+------------------------------+---------------------+---------------------+--------------------------------------+--------------------------------------+-----------------------------+-----------------------------+----------------------------+----------------------------+-----------------------------+-----------------------------+--------------------+--------------------+-------------------------------------+-------------------------------------+----------------------------+----------------------------+---------------------------+---------------------------+
; LedR       ; 2.5 V        ; 0 s                 ; 0 s                 ; 2.75 V                       ; 0.000247 V                   ; 2.85 V              ; -0.0711 V           ; 0.204 V                              ; 0.181 V                              ; 4.55e-10 s                  ; 4.49e-10 s                  ; No                         ; No                         ; 2.75 V                      ; 0.000247 V                  ; 2.85 V             ; -0.0711 V          ; 0.204 V                             ; 0.181 V                             ; 4.55e-10 s                 ; 4.49e-10 s                 ; No                        ; No                        ;
; serial_out ; 2.5 V        ; 0 s                 ; 0 s                 ; 2.75 V                       ; 0.000242 V                   ; 2.86 V              ; -0.0814 V           ; 0.36 V                               ; 0.156 V                              ; 3e-10 s                     ; 4.34e-10 s                  ; No                         ; No                         ; 2.75 V                      ; 0.000242 V                  ; 2.86 V             ; -0.0814 V          ; 0.36 V                              ; 0.156 V                             ; 3e-10 s                    ; 4.34e-10 s                 ; No                        ; No                        ;
+------------+--------------+---------------------+---------------------+------------------------------+------------------------------+---------------------+---------------------+--------------------------------------+--------------------------------------+-----------------------------+-----------------------------+----------------------------+----------------------------+-----------------------------+-----------------------------+--------------------+--------------------+-------------------------------------+-------------------------------------+----------------------------+----------------------------+---------------------------+---------------------------+


+-------------------------------------------------------------------+
; Setup Transfers                                                   ;
+------------+----------+----------+----------+----------+----------+
; From Clock ; To Clock ; RR Paths ; FR Paths ; RF Paths ; FF Paths ;
+------------+----------+----------+----------+----------+----------+
; clk        ; clk      ; 1185     ; 0        ; 0        ; 0        ;
; modetop    ; clk      ; 12       ; 13       ; 0        ; 0        ;
; clk        ; modetop  ; 0        ; 0        ; 3        ; 0        ;
+------------+----------+----------+----------+----------+----------+
Entries labeled "false path" only account for clock-to-clock false paths and not path-based false paths. As a result, actual path counts may be lower than reported.


+-------------------------------------------------------------------+
; Hold Transfers                                                    ;
+------------+----------+----------+----------+----------+----------+
; From Clock ; To Clock ; RR Paths ; FR Paths ; RF Paths ; FF Paths ;
+------------+----------+----------+----------+----------+----------+
; clk        ; clk      ; 1185     ; 0        ; 0        ; 0        ;
; modetop    ; clk      ; 12       ; 13       ; 0        ; 0        ;
; clk        ; modetop  ; 0        ; 0        ; 3        ; 0        ;
+------------+----------+----------+----------+----------+----------+
Entries labeled "false path" only account for clock-to-clock false paths and not path-based false paths. As a result, actual path counts may be lower than reported.


---------------
; Report TCCS ;
---------------
No dedicated SERDES Transmitter circuitry present in device or used in design


---------------
; Report RSKM ;
---------------
No non-DPA dedicated SERDES Receiver circuitry present in device or used in design


+------------------------------------------------+
; Unconstrained Paths                            ;
+---------------------------------+-------+------+
; Property                        ; Setup ; Hold ;
+---------------------------------+-------+------+
; Illegal Clocks                  ; 0     ; 0    ;
; Unconstrained Clocks            ; 0     ; 0    ;
; Unconstrained Input Ports       ; 14    ; 14   ;
; Unconstrained Input Port Paths  ; 122   ; 122  ;
; Unconstrained Output Ports      ; 2     ; 2    ;
; Unconstrained Output Port Paths ; 2     ; 2    ;
+---------------------------------+-------+------+


+------------------------------------+
; TimeQuest Timing Analyzer Messages ;
+------------------------------------+
Info: *******************************************************************
Info: Running Quartus II 64-Bit TimeQuest Timing Analyzer
    Info: Version 14.0.0 Build 200 06/17/2014 SJ Full Version
    Info: Processing started: Tue Jan 15 16:40:09 2019
Info: Command: quartus_sta Moteur -c Moteur
Info: qsta_default_script.tcl version: #1
Info (20030): Parallel compilation is enabled and will use 2 of the 2 processors detected
Info (21077): Low junction temperature is 0 degrees C
Info (21077): High junction temperature is 85 degrees C
Warning (335093): TimeQuest Timing Analyzer is analyzing 1 combinational loops as latches.
Critical Warning (332012): Synopsys Design Constraints File file not found: 'Moteur.sdc'. A Synopsys Design Constraints File is required by the TimeQuest Timing Analyzer to get proper timing constraints. Without it, the Compiler will not properly optimize the design.
Info (332142): No user constrained base clocks found in the design. Calling "derive_clocks -period 1.0"
Info (332105): Deriving Clocks
    Info (332105): create_clock -period 1.000 -name clk clk
    Info (332105): create_clock -period 1.000 -name modetop modetop
Info (332143): No user constrained clock uncertainty found in the design. Calling "derive_clock_uncertainty"
Info (332123): Deriving Clock Uncertainty. Please refer to report_sdc in TimeQuest to see clock uncertainties.
Info: Found TIMEQUEST_REPORT_SCRIPT_INCLUDE_DEFAULT_ANALYSIS = ON
Info: Analyzing Slow 1100mV 85C Model
Critical Warning (332148): Timing requirements not met
    Info (11105): For recommendations on closing timing, run Report Timing Closure Recommendations in the TimeQuest Timing Analyzer.
Info (332146): Worst-case setup slack is -3.051
    Info (332119):     Slack       End Point TNS Clock 
    Info (332119): ========= =================== =====================
    Info (332119):    -3.051            -140.363 clk 
    Info (332119):    -2.599              -2.599 modetop 
Info (332146): Worst-case hold slack is -0.045
    Info (332119):     Slack       End Point TNS Clock 
    Info (332119): ========= =================== =====================
    Info (332119):    -0.045              -0.074 clk 
    Info (332119):     1.087               0.000 modetop 
Info (332140): No Recovery paths to report
Info (332140): No Removal paths to report
Info (332146): Worst-case minimum pulse width slack is -0.394
    Info (332119):     Slack       End Point TNS Clock 
    Info (332119): ========= =================== =====================
    Info (332119):    -0.394             -62.372 clk 
    Info (332119):     0.212               0.000 modetop 
Info: Analyzing Slow 1100mV 0C Model
Info (334003): Started post-fitting delay annotation
Info (334004): Delay annotation completed successfully
Info (332123): Deriving Clock Uncertainty. Please refer to report_sdc in TimeQuest to see clock uncertainties.
Critical Warning (332148): Timing requirements not met
    Info (11105): For recommendations on closing timing, run Report Timing Closure Recommendations in the TimeQuest Timing Analyzer.
Info (332146): Worst-case setup slack is -3.226
    Info (332119):     Slack       End Point TNS Clock 
    Info (332119): ========= =================== =====================
    Info (332119):    -3.226            -138.463 clk 
    Info (332119):    -2.798              -2.798 modetop 
Info (332146): Worst-case hold slack is -0.286
    Info (332119):     Slack       End Point TNS Clock 
    Info (332119): ========= =================== =====================
    Info (332119):    -0.286              -1.020 clk 
    Info (332119):     1.162               0.000 modetop 
Info (332140): No Recovery paths to report
Info (332140): No Removal paths to report
Info (332146): Worst-case minimum pulse width slack is -0.394
    Info (332119):     Slack       End Point TNS Clock 
    Info (332119): ========= =================== =====================
    Info (332119):    -0.394             -68.317 clk 
    Info (332119):     0.209               0.000 modetop 
Info: Analyzing Fast 1100mV 85C Model
Info (334003): Started post-fitting delay annotation
Info (334004): Delay annotation completed successfully
Info (332123): Deriving Clock Uncertainty. Please refer to report_sdc in TimeQuest to see clock uncertainties.
Critical Warning (332148): Timing requirements not met
    Info (11105): For recommendations on closing timing, run Report Timing Closure Recommendations in the TimeQuest Timing Analyzer.
Info (332146): Worst-case setup slack is -1.582
    Info (332119):     Slack       End Point TNS Clock 
    Info (332119): ========= =================== =====================
    Info (332119):    -1.582             -50.413 clk 
    Info (332119):    -0.923              -0.923 modetop 
Info (332146): Worst-case hold slack is -0.017
    Info (332119):     Slack       End Point TNS Clock 
    Info (332119): ========= =================== =====================
    Info (332119):    -0.017              -0.026 clk 
    Info (332119):     0.430               0.000 modetop 
Info (332140): No Recovery paths to report
Info (332140): No Removal paths to report
Info (332146): Worst-case minimum pulse width slack is -0.091
    Info (332119):     Slack       End Point TNS Clock 
    Info (332119): ========= =================== =====================
    Info (332119):    -0.091              -9.779 clk 
    Info (332119):    -0.019              -0.019 modetop 
Info: Analyzing Fast 1100mV 0C Model
Info (332123): Deriving Clock Uncertainty. Please refer to report_sdc in TimeQuest to see clock uncertainties.
Critical Warning (332148): Timing requirements not met
    Info (11105): For recommendations on closing timing, run Report Timing Closure Recommendations in the TimeQuest Timing Analyzer.
Info (332146): Worst-case setup slack is -1.400
    Info (332119):     Slack       End Point TNS Clock 
    Info (332119): ========= =================== =====================
    Info (332119):    -1.400             -42.171 clk 
    Info (332119):    -0.825              -0.825 modetop 
Info (332146): Worst-case hold slack is -0.110
    Info (332119):     Slack       End Point TNS Clock 
    Info (332119): ========= =================== =====================
    Info (332119):    -0.110              -0.419 clk 
    Info (332119):     0.377               0.000 modetop 
Info (332140): No Recovery paths to report
Info (332140): No Removal paths to report
Info (332146): Worst-case minimum pulse width slack is -0.089
    Info (332119):     Slack       End Point TNS Clock 
    Info (332119): ========= =================== =====================
    Info (332119):    -0.089              -9.680 clk 
    Info (332119):    -0.015              -0.015 modetop 
Info (332102): Design is not fully constrained for setup requirements
Info (332102): Design is not fully constrained for hold requirements
Info: Quartus II 64-Bit TimeQuest Timing Analyzer was successful. 0 errors, 6 warnings
    Info: Peak virtual memory: 1047 megabytes
    Info: Processing ended: Tue Jan 15 16:40:21 2019
    Info: Elapsed time: 00:00:12
    Info: Total CPU time (on all processors): 00:00:11


